{"/__w/backlog/backlog/work/runner-container-hooks/packages/k8s/src/hooks/cleanup-job.ts": {"path":"/__w/backlog/backlog/work/runner-container-hooks/packages/k8s/src/hooks/cleanup-job.ts","statementMap":{"0":{"start":{"line":1,"column":0},"end":{"line":1,"column":48}},"1":{"start":{"line":4,"column":2},"end":{"line":4,"column":null}},"2":{"start":{"line":3,"column":0},"end":{"line":3,"column":22}}},"fnMap":{"0":{"name":"cleanupJob","decl":{"start":{"line":3,"column":22},"end":{"line":3,"column":32}},"loc":{"start":{"line":3,"column":32},"end":{"line":5,"column":null}}}},"branchMap":{"0":{"loc":{"start":{"line":4,"column":2},"end":{"line":4,"column":null}},"type":"switch","locations":[{"start":{"line":4,"column":2},"end":{"line":4,"column":null}}]}},"s":{"0":1,"1":0,"2":1},"f":{"0":0},"b":{"0":[0]}}
,"/__w/backlog/backlog/work/runner-container-hooks/packages/k8s/src/hooks/constants.ts": {"path":"/__w/backlog/backlog/work/runner-container-hooks/packages/k8s/src/hooks/constants.ts","statementMap":{"0":{"start":{"line":1,"column":0},"end":{"line":1,"column":35}},"1":{"start":{"line":4,"column":15},"end":{"line":4,"column":50}},"2":{"start":{"line":5,"column":2},"end":{"line":9,"column":null}},"3":{"start":{"line":6,"column":4},"end":{"line":8,"column":null}},"4":{"start":{"line":10,"column":2},"end":{"line":10,"column":null}},"5":{"start":{"line":3,"column":0},"end":{"line":3,"column":16}},"6":{"start":{"line":14,"column":2},"end":{"line":17,"column":null}},"7":{"start":{"line":13,"column":0},"end":{"line":13,"column":16}},"8":{"start":{"line":21,"column":2},"end":{"line":24,"column":null}},"9":{"start":{"line":20,"column":0},"end":{"line":20,"column":16}},"10":{"start":{"line":28,"column":15},"end":{"line":28,"column":52}},"11":{"start":{"line":29,"column":2},"end":{"line":31,"column":null}},"12":{"start":{"line":30,"column":4},"end":{"line":30,"column":null}},"13":{"start":{"line":32,"column":2},"end":{"line":32,"column":null}},"14":{"start":{"line":27,"column":0},"end":{"line":27,"column":16}},"15":{"start":{"line":36,"column":2},"end":{"line":39,"column":null}},"16":{"start":{"line":35,"column":0},"end":{"line":35,"column":16}},"17":{"start":{"line":42,"column":13},"end":{"line":42,"column":null}},"18":{"start":{"line":43,"column":13},"end":{"line":43,"column":null}},"19":{"start":{"line":44,"column":13},"end":{"line":44,"column":null}},"20":{"start":{"line":45,"column":13},"end":{"line":45,"column":null}},"21":{"start":{"line":46,"column":13},"end":{"line":46,"column":null}},"22":{"start":{"line":48,"column":0},"end":{"line":48,"column":13}},"23":{"start":{"line":51,"column":4},"end":{"line":51,"column":null}},"24":{"start":{"line":54,"column":2},"end":{"line":56,"column":null}},"25":{"start":{"line":55,"column":4},"end":{"line":55,"column":null}},"26":{"start":{"line":58,"column":2},"end":{"line":60,"column":null}},"27":{"start":{"line":59,"column":4},"end":{"line":59,"column":null}},"28":{"start":{"line":62,"column":2},"end":{"line":64,"column":null}},"29":{"start":{"line":63,"column":4},"end":{"line":63,"column":null}},"30":{"start":{"line":65,"column":0},"end":{"line":65,"column":null}},"31":{"start":{"line":48,"column":13},"end":{"line":48,"column":32}}},"fnMap":{"0":{"name":"getRunnerPodName","decl":{"start":{"line":3,"column":16},"end":{"line":3,"column":32}},"loc":{"start":{"line":3,"column":32},"end":{"line":11,"column":1}}},"1":{"name":"getJobPodName","decl":{"start":{"line":13,"column":16},"end":{"line":13,"column":29}},"loc":{"start":{"line":13,"column":29},"end":{"line":18,"column":1}}},"2":{"name":"getStepPodName","decl":{"start":{"line":20,"column":16},"end":{"line":20,"column":30}},"loc":{"start":{"line":20,"column":30},"end":{"line":25,"column":1}}},"3":{"name":"getVolumeClaimName","decl":{"start":{"line":27,"column":16},"end":{"line":27,"column":34}},"loc":{"start":{"line":27,"column":34},"end":{"line":33,"column":1}}},"4":{"name":"getSecretName","decl":{"start":{"line":35,"column":16},"end":{"line":35,"column":29}},"loc":{"start":{"line":35,"column":29},"end":{"line":40,"column":1}}},"5":{"name":"(anonymous_5)","decl":{"start":{"line":48,"column":0},"end":{"line":48,"column":13}},"loc":{"start":{"line":48,"column":0},"end":{"line":65,"column":null}}},"6":{"name":"RunnerInstanceLabel","decl":{"start":{"line":50,"column":2},"end":{"line":50,"column":null}},"loc":{"start":{"line":50,"column":2},"end":{"line":52,"column":3}}},"7":{"name":"(anonymous_7)","decl":{"start":{"line":54,"column":2},"end":{"line":54,"column":6}},"loc":{"start":{"line":54,"column":2},"end":{"line":56,"column":3}}},"8":{"name":"(anonymous_8)","decl":{"start":{"line":58,"column":2},"end":{"line":58,"column":6}},"loc":{"start":{"line":58,"column":2},"end":{"line":60,"column":3}}},"9":{"name":"(anonymous_9)","decl":{"start":{"line":62,"column":2},"end":{"line":62,"column":10}},"loc":{"start":{"line":62,"column":2},"end":{"line":64,"column":3}}}},"branchMap":{"0":{"loc":{"start":{"line":5,"column":2},"end":{"line":9,"column":null}},"type":"if","locations":[{"start":{"line":5,"column":2},"end":{"line":9,"column":null}}]},"1":{"loc":{"start":{"line":29,"column":2},"end":{"line":31,"column":null}},"type":"if","locations":[{"start":{"line":29,"column":2},"end":{"line":31,"column":null}}]}},"s":{"0":1,"1":0,"2":0,"3":0,"4":0,"5":1,"6":0,"7":1,"8":0,"9":1,"10":0,"11":0,"12":0,"13":0,"14":1,"15":0,"16":1,"17":1,"18":1,"19":1,"20":1,"21":1,"22":1,"23":0,"24":1,"25":0,"26":1,"27":0,"28":1,"29":0,"30":1,"31":1},"f":{"0":0,"1":0,"2":0,"3":0,"4":0,"5":1,"6":0,"7":0,"8":0,"9":0},"b":{"0":[0],"1":[0]}}
,"/__w/backlog/backlog/work/runner-container-hooks/packages/k8s/src/hooks/index.ts": {"path":"/__w/backlog/backlog/work/runner-container-hooks/packages/k8s/src/hooks/index.ts","statementMap":{"0":{"start":{"line":1,"column":0},"end":{"line":1,"column":29}},"1":{"start":{"line":2,"column":0},"end":{"line":2,"column":29}},"2":{"start":{"line":3,"column":0},"end":{"line":3,"column":33}},"3":{"start":{"line":4,"column":0},"end":{"line":4,"column":36}}},"fnMap":{},"branchMap":{},"s":{"0":1,"1":1,"2":1,"3":1},"f":{},"b":{}}
,"/__w/backlog/backlog/work/runner-container-hooks/packages/k8s/src/hooks/prepare-job.ts": {"path":"/__w/backlog/backlog/work/runner-container-hooks/packages/k8s/src/hooks/prepare-job.ts","statementMap":{"0":{"start":{"line":1,"column":0},"end":{"line":1,"column":37}},"1":{"start":{"line":2,"column":0},"end":{"line":2,"column":33}},"2":{"start":{"line":4,"column":0},"end":{"line":4,"column":null}},"3":{"start":{"line":10,"column":0},"end":{"line":10,"column":23}},"4":{"start":{"line":11,"column":0},"end":{"line":11,"column":null}},"5":{"start":{"line":19,"column":0},"end":{"line":19,"column":null}},"6":{"start":{"line":29,"column":0},"end":{"line":29,"column":76}},"7":{"start":{"line":35,"column":2},"end":{"line":37,"column":null}},"8":{"start":{"line":36,"column":4},"end":{"line":36,"column":null}},"9":{"start":{"line":39,"column":2},"end":{"line":39,"column":null}},"10":{"start":{"line":41,"column":8},"end":{"line":41,"column":null}},"11":{"start":{"line":42,"column":2},"end":{"line":42,"column":null}},"12":{"start":{"line":44,"column":6},"end":{"line":44,"column":null}},"13":{"start":{"line":45,"column":2},"end":{"line":53,"column":null}},"14":{"start":{"line":46,"column":4},"end":{"line":46,"column":null}},"15":{"start":{"line":47,"column":4},"end":{"line":52,"column":null}},"16":{"start":{"line":55,"column":6},"end":{"line":55,"column":null}},"17":{"start":{"line":56,"column":2},"end":{"line":66,"column":null}},"18":{"start":{"line":57,"column":4},"end":{"line":65,"column":null}},"19":{"start":{"line":58,"column":6},"end":{"line":58,"column":null}},"20":{"start":{"line":59,"column":6},"end":{"line":64,"column":null}},"21":{"start":{"line":68,"column":2},"end":{"line":70,"column":null}},"22":{"start":{"line":69,"column":4},"end":{"line":69,"column":null}},"23":{"start":{"line":72,"column":6},"end":{"line":72,"column":null}},"24":{"start":{"line":74,"column":17},"end":{"line":79,"column":null}},"25":{"start":{"line":74,"column":4},"end":{"line":79,"column":null}},"26":{"start":{"line":81,"column":4},"end":{"line":81,"column":null}},"27":{"start":{"line":82,"column":4},"end":{"line":82,"column":null}},"28":{"start":{"line":83,"column":10},"end":{"line":83,"column":null}},"29":{"start":{"line":84,"column":4},"end":{"line":84,"column":null}},"30":{"start":{"line":87,"column":2},"end":{"line":89,"column":null}},"31":{"start":{"line":88,"column":4},"end":{"line":88,"column":null}},"32":{"start":{"line":90,"column":2},"end":{"line":92,"column":null}},"33":{"start":{"line":95,"column":4},"end":{"line":100,"column":null}},"34":{"start":{"line":103,"column":6},"end":{"line":103,"column":null}},"35":{"start":{"line":105,"column":6},"end":{"line":105,"column":null}},"36":{"start":{"line":107,"column":10},"end":{"line":107,"column":null}},"37":{"start":{"line":108,"column":4},"end":{"line":108,"column":null}},"38":{"start":{"line":111,"column":2},"end":{"line":111,"column":null}},"39":{"start":{"line":113,"column":6},"end":{"line":113,"column":null}},"40":{"start":{"line":115,"column":15},"end":{"line":118,"column":null}},"41":{"start":{"line":115,"column":4},"end":{"line":118,"column":null}},"42":{"start":{"line":120,"column":4},"end":{"line":122,"column":null}},"43":{"start":{"line":123,"column":10},"end":{"line":123,"column":null}},"44":{"start":{"line":124,"column":4},"end":{"line":124,"column":null}},"45":{"start":{"line":126,"column":2},"end":{"line":126,"column":null}},"46":{"start":{"line":127,"column":2},"end":{"line":127,"column":null}},"47":{"start":{"line":31,"column":0},"end":{"line":31,"column":22}},"48":{"start":{"line":136,"column":2},"end":{"line":138,"column":null}},"49":{"start":{"line":137,"column":4},"end":{"line":137,"column":null}},"50":{"start":{"line":139,"column":19},"end":{"line":145,"column":null}},"51":{"start":{"line":147,"column":24},"end":{"line":148,"column":null}},"52":{"start":{"line":148,"column":9},"end":{"line":148,"column":null}},"53":{"start":{"line":150,"column":2},"end":{"line":163,"column":null}},"54":{"start":{"line":151,"column":52},"end":{"line":151,"column":54}},"55":{"start":{"line":152,"column":4},"end":{"line":157,"column":null}},"56":{"start":{"line":153,"column":6},"end":{"line":156,"column":null}},"57":{"start":{"line":153,"column":25},"end":{"line":153,"column":38}},"58":{"start":{"line":153,"column":25},"end":{"line":153,"column":44}},"59":{"start":{"line":153,"column":21},"end":{"line":153,"column":25}},"60":{"start":{"line":154,"column":8},"end":{"line":155,"column":null}},"61":{"start":{"line":159,"column":4},"end":{"line":162,"column":null}},"62":{"start":{"line":165,"column":2},"end":{"line":184,"column":null}},"63":{"start":{"line":167,"column":6},"end":{"line":167,"column":67}},"64":{"start":{"line":167,"column":30},"end":{"line":167,"column":61}},"65":{"start":{"line":169,"column":4},"end":{"line":183,"column":null}},"66":{"start":{"line":170,"column":20},"end":{"line":170,"column":null}},"67":{"start":{"line":172,"column":39},"end":{"line":172,"column":41}},"68":{"start":{"line":173,"column":8},"end":{"line":177,"column":null}},"69":{"start":{"line":174,"column":10},"end":{"line":176,"column":null}},"70":{"start":{"line":174,"column":29},"end":{"line":174,"column":30}},"71":{"start":{"line":174,"column":29},"end":{"line":174,"column":36}},"72":{"start":{"line":174,"column":25},"end":{"line":174,"column":29}},"73":{"start":{"line":175,"column":12},"end":{"line":175,"column":null}},"74":{"start":{"line":179,"column":8},"end":{"line":182,"column":null}},"75":{"start":{"line":186,"column":2},"end":{"line":186,"column":null}},"76":{"start":{"line":190,"column":8},"end":{"line":190,"column":null}},"77":{"start":{"line":191,"column":6},"end":{"line":191,"column":15}},"78":{"start":{"line":192,"column":4},"end":{"line":196,"column":null}},"79":{"start":{"line":203,"column":2},"end":{"line":203,"column":null}},"80":{"start":{"line":206,"column":2},"end":{"line":209,"column":null}},"81":{"start":{"line":207,"column":4},"end":{"line":207,"column":null}},"82":{"start":{"line":208,"column":4},"end":{"line":208,"column":null}},"83":{"start":{"line":211,"column":23},"end":{"line":215,"column":null}},"84":{"start":{"line":216,"column":2},"end":{"line":218,"column":null}},"85":{"start":{"line":217,"column":4},"end":{"line":217,"column":null}},"86":{"start":{"line":220,"column":2},"end":{"line":222,"column":null}},"87":{"start":{"line":221,"column":4},"end":{"line":221,"column":null}},"88":{"start":{"line":224,"column":2},"end":{"line":226,"column":null}},"89":{"start":{"line":225,"column":4},"end":{"line":225,"column":null}},"90":{"start":{"line":228,"column":2},"end":{"line":228,"column":null}},"91":{"start":{"line":229,"column":2},"end":{"line":235,"column":null}},"92":{"start":{"line":229,"column":29},"end":{"line":229,"column":35}},"93":{"start":{"line":229,"column":29},"end":{"line":230,"column":null}},"94":{"start":{"line":229,"column":13},"end":{"line":229,"column":14}},"95":{"start":{"line":229,"column":17},"end":{"line":229,"column":19}},"96":{"start":{"line":229,"column":24},"end":{"line":229,"column":25}},"97":{"start":{"line":232,"column":4},"end":{"line":234,"column":null}},"98":{"start":{"line":233,"column":6},"end":{"line":233,"column":null}},"99":{"start":{"line":237,"column":2},"end":{"line":240,"column":null}},"100":{"start":{"line":242,"column":2},"end":{"line":247,"column":null}},"101":{"start":{"line":243,"column":4},"end":{"line":246,"column":null}},"102":{"start":{"line":249,"column":2},"end":{"line":252,"column":null}},"103":{"start":{"line":254,"column":2},"end":{"line":256,"column":null}},"104":{"start":{"line":255,"column":4},"end":{"line":255,"column":null}},"105":{"start":{"line":258,"column":15},"end":{"line":259,"column":null}},"106":{"start":{"line":259,"column":9},"end":{"line":259,"column":null}},"107":{"start":{"line":262,"column":2},"end":{"line":264,"column":null}},"108":{"start":{"line":263,"column":4},"end":{"line":263,"column":null}},"109":{"start":{"line":266,"column":2},"end":{"line":266,"column":null}},"110":{"start":{"line":200,"column":0},"end":{"line":200,"column":16}}},"fnMap":{"0":{"name":"prepareJob","decl":{"start":{"line":31,"column":22},"end":{"line":31,"column":32}},"loc":{"start":{"line":33,"column":14},"end":{"line":128,"column":null}}},"1":{"name":"(anonymous_23)","decl":{"start":{"line":57,"column":33},"end":{"line":57,"column":40}},"loc":{"start":{"line":57,"column":40},"end":{"line":65,"column":5}}},"2":{"name":"generateResponseFile","decl":{"start":{"line":130,"column":9},"end":{"line":130,"column":29}},"loc":{"start":{"line":134,"column":10},"end":{"line":187,"column":1}}},"3":{"name":"(anonymous_25)","decl":{"start":{"line":148,"column":4},"end":{"line":148,"column":5}},"loc":{"start":{"line":148,"column":5},"end":{"line":148,"column":10}}},"4":{"name":"(anonymous_26)","decl":{"start":{"line":167,"column":25},"end":{"line":167,"column":26}},"loc":{"start":{"line":167,"column":26},"end":{"line":167,"column":51}}},"5":{"name":"(anonymous_27)","decl":{"start":{"line":170,"column":15},"end":{"line":170,"column":16}},"loc":{"start":{"line":170,"column":16},"end":{"line":170,"column":41}}},"6":{"name":"(anonymous_28)","decl":{"start":{"line":171,"column":11},"end":{"line":171,"column":12}},"loc":{"start":{"line":171,"column":12},"end":{"line":183,"column":7}}},"7":{"name":"copyExternalsToRoot","decl":{"start":{"line":189,"column":15},"end":{"line":189,"column":34}},"loc":{"start":{"line":189,"column":34},"end":{"line":198,"column":null}}},"8":{"name":"createContainerSpec","decl":{"start":{"line":200,"column":16},"end":{"line":200,"column":35}},"loc":{"start":{"line":204,"column":35},"end":{"line":267,"column":1}}},"9":{"name":"(anonymous_33)","decl":{"start":{"line":259,"column":4},"end":{"line":259,"column":5}},"loc":{"start":{"line":259,"column":5},"end":{"line":259,"column":10}}}},"branchMap":{"0":{"loc":{"start":{"line":35,"column":2},"end":{"line":37,"column":null}},"type":"if","locations":[{"start":{"line":35,"column":2},"end":{"line":37,"column":null}}]},"1":{"loc":{"start":{"line":45,"column":2},"end":{"line":53,"column":null}},"type":"if","locations":[{"start":{"line":45,"column":2},"end":{"line":53,"column":null}}]},"2":{"loc":{"start":{"line":45,"column":6},"end":{"line":45,"column":27}},"type":"cond-expr","locations":[{"start":{"line":45,"column":20},"end":{"line":45,"column":22}},{"start":{"line":45,"column":20},"end":{"line":45,"column":27}}]},"3":{"loc":{"start":{"line":45,"column":6},"end":{"line":45,"column":22}},"type":"binary-expr","locations":[{"start":{"line":45,"column":6},"end":{"line":45,"column":22}},{"start":{"line":45,"column":20},"end":{"line":45,"column":22}}]},"4":{"loc":{"start":{"line":56,"column":2},"end":{"line":66,"column":null}},"type":"if","locations":[{"start":{"line":56,"column":2},"end":{"line":66,"column":null}}]},"5":{"loc":{"start":{"line":56,"column":6},"end":{"line":56,"column":27}},"type":"cond-expr","locations":[{"start":{"line":56,"column":19},"end":{"line":56,"column":21}},{"start":{"line":56,"column":19},"end":{"line":56,"column":27}}]},"6":{"loc":{"start":{"line":56,"column":6},"end":{"line":56,"column":21}},"type":"binary-expr","locations":[{"start":{"line":56,"column":6},"end":{"line":56,"column":21}},{"start":{"line":56,"column":19},"end":{"line":56,"column":21}}]},"7":{"loc":{"start":{"line":68,"column":2},"end":{"line":70,"column":null}},"type":"if","locations":[{"start":{"line":68,"column":2},"end":{"line":70,"column":null}}]},"8":{"loc":{"start":{"line":68,"column":6},"end":{"line":68,"column":39}},"type":"binary-expr","locations":[{"start":{"line":68,"column":6},"end":{"line":68,"column":16}},{"start":{"line":68,"column":20},"end":{"line":68,"column":39}}]},"9":{"loc":{"start":{"line":68,"column":21},"end":{"line":68,"column":37}},"type":"cond-expr","locations":[{"start":{"line":68,"column":29},"end":{"line":68,"column":31}},{"start":{"line":68,"column":21},"end":{"line":68,"column":37}}]},"10":{"loc":{"start":{"line":68,"column":21},"end":{"line":68,"column":31}},"type":"binary-expr","locations":[{"start":{"line":68,"column":21},"end":{"line":68,"column":31}},{"start":{"line":68,"column":21},"end":{"line":68,"column":31}}]},"11":{"loc":{"start":{"line":83,"column":20},"end":{"line":83,"column":64}},"type":"binary-expr","locations":[{"start":{"line":83,"column":20},"end":{"line":83,"column":57}},{"start":{"line":83,"column":61},"end":{"line":83,"column":64}}]},"12":{"loc":{"start":{"line":83,"column":20},"end":{"line":83,"column":57}},"type":"cond-expr","locations":[{"start":{"line":83,"column":48},"end":{"line":83,"column":50}},{"start":{"line":83,"column":48},"end":{"line":83,"column":57}}]},"13":{"loc":{"start":{"line":83,"column":20},"end":{"line":83,"column":50}},"type":"binary-expr","locations":[{"start":{"line":83,"column":20},"end":{"line":83,"column":50}},{"start":{"line":83,"column":48},"end":{"line":83,"column":50}}]},"14":{"loc":{"start":{"line":83,"column":20},"end":{"line":83,"column":48}},"type":"cond-expr","locations":[{"start":{"line":83,"column":42},"end":{"line":83,"column":44}},{"start":{"line":83,"column":42},"end":{"line":83,"column":48}}]},"15":{"loc":{"start":{"line":83,"column":20},"end":{"line":83,"column":44}},"type":"binary-expr","locations":[{"start":{"line":83,"column":20},"end":{"line":83,"column":44}},{"start":{"line":83,"column":42},"end":{"line":83,"column":44}}]},"16":{"loc":{"start":{"line":83,"column":21},"end":{"line":83,"column":42}},"type":"cond-expr","locations":[{"start":{"line":83,"column":24},"end":{"line":83,"column":32}},{"start":{"line":83,"column":21},"end":{"line":83,"column":42}}]},"17":{"loc":{"start":{"line":83,"column":21},"end":{"line":83,"column":32}},"type":"binary-expr","locations":[{"start":{"line":83,"column":21},"end":{"line":83,"column":34}},{"start":{"line":83,"column":21},"end":{"line":83,"column":32}}]},"18":{"loc":{"start":{"line":87,"column":2},"end":{"line":89,"column":null}},"type":"if","locations":[{"start":{"line":87,"column":2},"end":{"line":89,"column":null}}]},"19":{"loc":{"start":{"line":87,"column":7},"end":{"line":87,"column":33}},"type":"cond-expr","locations":[{"start":{"line":87,"column":27},"end":{"line":87,"column":29}},{"start":{"line":87,"column":27},"end":{"line":87,"column":33}}]},"20":{"loc":{"start":{"line":87,"column":7},"end":{"line":87,"column":29}},"type":"binary-expr","locations":[{"start":{"line":87,"column":7},"end":{"line":87,"column":29}},{"start":{"line":87,"column":27},"end":{"line":87,"column":29}}]},"21":{"loc":{"start":{"line":87,"column":7},"end":{"line":87,"column":27}},"type":"cond-expr","locations":[{"start":{"line":87,"column":17},"end":{"line":87,"column":19}},{"start":{"line":87,"column":7},"end":{"line":87,"column":27}}]},"22":{"loc":{"start":{"line":87,"column":7},"end":{"line":87,"column":19}},"type":"binary-expr","locations":[{"start":{"line":87,"column":7},"end":{"line":87,"column":19}},{"start":{"line":87,"column":7},"end":{"line":87,"column":19}}]},"23":{"loc":{"start":{"line":91,"column":54},"end":{"line":91,"column":80}},"type":"cond-expr","locations":[{"start":{"line":91,"column":74},"end":{"line":91,"column":76}},{"start":{"line":91,"column":74},"end":{"line":91,"column":80}}]},"24":{"loc":{"start":{"line":91,"column":54},"end":{"line":91,"column":76}},"type":"binary-expr","locations":[{"start":{"line":91,"column":54},"end":{"line":91,"column":76}},{"start":{"line":91,"column":74},"end":{"line":91,"column":76}}]},"25":{"loc":{"start":{"line":91,"column":54},"end":{"line":91,"column":74}},"type":"cond-expr","locations":[{"start":{"line":91,"column":64},"end":{"line":91,"column":66}},{"start":{"line":91,"column":54},"end":{"line":91,"column":74}}]},"26":{"loc":{"start":{"line":91,"column":54},"end":{"line":91,"column":66}},"type":"binary-expr","locations":[{"start":{"line":91,"column":54},"end":{"line":91,"column":66}},{"start":{"line":91,"column":54},"end":{"line":91,"column":66}}]},"27":{"loc":{"start":{"line":105,"column":42},"end":{"line":105,"column":105}},"type":"cond-expr","locations":[{"start":{"line":105,"column":70},"end":{"line":105,"column":86}},{"start":{"line":105,"column":89},"end":{"line":105,"column":105}}]},"28":{"loc":{"start":{"line":107,"column":20},"end":{"line":107,"column":68}},"type":"cond-expr","locations":[{"start":{"line":107,"column":43},"end":{"line":107,"column":54}},{"start":{"line":107,"column":57},"end":{"line":107,"column":68}}]},"29":{"loc":{"start":{"line":123,"column":20},"end":{"line":123,"column":64}},"type":"binary-expr","locations":[{"start":{"line":123,"column":20},"end":{"line":123,"column":57}},{"start":{"line":123,"column":61},"end":{"line":123,"column":64}}]},"30":{"loc":{"start":{"line":123,"column":20},"end":{"line":123,"column":57}},"type":"cond-expr","locations":[{"start":{"line":123,"column":48},"end":{"line":123,"column":50}},{"start":{"line":123,"column":48},"end":{"line":123,"column":57}}]},"31":{"loc":{"start":{"line":123,"column":20},"end":{"line":123,"column":50}},"type":"binary-expr","locations":[{"start":{"line":123,"column":20},"end":{"line":123,"column":50}},{"start":{"line":123,"column":48},"end":{"line":123,"column":50}}]},"32":{"loc":{"start":{"line":123,"column":20},"end":{"line":123,"column":48}},"type":"cond-expr","locations":[{"start":{"line":123,"column":42},"end":{"line":123,"column":44}},{"start":{"line":123,"column":42},"end":{"line":123,"column":48}}]},"33":{"loc":{"start":{"line":123,"column":20},"end":{"line":123,"column":44}},"type":"binary-expr","locations":[{"start":{"line":123,"column":20},"end":{"line":123,"column":44}},{"start":{"line":123,"column":42},"end":{"line":123,"column":44}}]},"34":{"loc":{"start":{"line":123,"column":21},"end":{"line":123,"column":42}},"type":"cond-expr","locations":[{"start":{"line":123,"column":24},"end":{"line":123,"column":32}},{"start":{"line":123,"column":21},"end":{"line":123,"column":42}}]},"35":{"loc":{"start":{"line":123,"column":21},"end":{"line":123,"column":32}},"type":"binary-expr","locations":[{"start":{"line":123,"column":21},"end":{"line":123,"column":34}},{"start":{"line":123,"column":21},"end":{"line":123,"column":32}}]},"36":{"loc":{"start":{"line":136,"column":2},"end":{"line":138,"column":null}},"type":"if","locations":[{"start":{"line":136,"column":2},"end":{"line":138,"column":null}}]},"37":{"loc":{"start":{"line":136,"column":7},"end":{"line":136,"column":28}},"type":"cond-expr","locations":[{"start":{"line":136,"column":22},"end":{"line":136,"column":24}},{"start":{"line":136,"column":22},"end":{"line":136,"column":28}}]},"38":{"loc":{"start":{"line":136,"column":7},"end":{"line":136,"column":24}},"type":"binary-expr","locations":[{"start":{"line":136,"column":7},"end":{"line":136,"column":24}},{"start":{"line":136,"column":22},"end":{"line":136,"column":24}}]},"39":{"loc":{"start":{"line":147,"column":24},"end":{"line":148,"column":null}},"type":"cond-expr","locations":[{"start":{"line":147,"column":47},"end":{"line":147,"column":49}},{"start":{"line":147,"column":47},"end":{"line":148,"column":null}}]},"40":{"loc":{"start":{"line":147,"column":24},"end":{"line":147,"column":49}},"type":"binary-expr","locations":[{"start":{"line":147,"column":24},"end":{"line":147,"column":49}},{"start":{"line":147,"column":47},"end":{"line":147,"column":49}}]},"41":{"loc":{"start":{"line":147,"column":24},"end":{"line":147,"column":47}},"type":"cond-expr","locations":[{"start":{"line":147,"column":35},"end":{"line":147,"column":37}},{"start":{"line":147,"column":35},"end":{"line":147,"column":47}}]},"42":{"loc":{"start":{"line":147,"column":24},"end":{"line":147,"column":37}},"type":"binary-expr","locations":[{"start":{"line":147,"column":24},"end":{"line":147,"column":37}},{"start":{"line":147,"column":35},"end":{"line":147,"column":37}}]},"43":{"loc":{"start":{"line":150,"column":2},"end":{"line":163,"column":null}},"type":"if","locations":[{"start":{"line":150,"column":2},"end":{"line":163,"column":null}}]},"44":{"loc":{"start":{"line":152,"column":4},"end":{"line":157,"column":null}},"type":"if","locations":[{"start":{"line":152,"column":4},"end":{"line":157,"column":null}}]},"45":{"loc":{"start":{"line":152,"column":8},"end":{"line":152,"column":28}},"type":"cond-expr","locations":[{"start":{"line":152,"column":21},"end":{"line":152,"column":23}},{"start":{"line":152,"column":8},"end":{"line":152,"column":28}}]},"46":{"loc":{"start":{"line":152,"column":8},"end":{"line":152,"column":23}},"type":"binary-expr","locations":[{"start":{"line":152,"column":8},"end":{"line":152,"column":23}},{"start":{"line":152,"column":8},"end":{"line":152,"column":23}}]},"47":{"loc":{"start":{"line":165,"column":2},"end":{"line":184,"column":null}},"type":"if","locations":[{"start":{"line":165,"column":2},"end":{"line":184,"column":null}}]},"48":{"loc":{"start":{"line":165,"column":6},"end":{"line":165,"column":27}},"type":"cond-expr","locations":[{"start":{"line":165,"column":19},"end":{"line":165,"column":21}},{"start":{"line":165,"column":19},"end":{"line":165,"column":27}}]},"49":{"loc":{"start":{"line":165,"column":6},"end":{"line":165,"column":21}},"type":"binary-expr","locations":[{"start":{"line":165,"column":6},"end":{"line":165,"column":21}},{"start":{"line":165,"column":19},"end":{"line":165,"column":21}}]},"50":{"loc":{"start":{"line":167,"column":6},"end":{"line":167,"column":67}},"type":"binary-expr","locations":[{"start":{"line":167,"column":6},"end":{"line":167,"column":61}},{"start":{"line":167,"column":65},"end":{"line":167,"column":67}}]},"51":{"loc":{"start":{"line":167,"column":6},"end":{"line":167,"column":61}},"type":"cond-expr","locations":[{"start":{"line":167,"column":19},"end":{"line":167,"column":21}},{"start":{"line":167,"column":19},"end":{"line":167,"column":61}}]},"52":{"loc":{"start":{"line":167,"column":6},"end":{"line":167,"column":21}},"type":"binary-expr","locations":[{"start":{"line":167,"column":6},"end":{"line":167,"column":21}},{"start":{"line":167,"column":19},"end":{"line":167,"column":21}}]},"53":{"loc":{"start":{"line":169,"column":35},"end":{"line":183,"column":8}},"type":"cond-expr","locations":[{"start":{"line":169,"column":59},"end":{"line":169,"column":null}},{"start":{"line":169,"column":59},"end":{"line":183,"column":8}}]},"54":{"loc":{"start":{"line":169,"column":35},"end":{"line":169,"column":null}},"type":"binary-expr","locations":[{"start":{"line":169,"column":35},"end":{"line":169,"column":null}},{"start":{"line":169,"column":59},"end":{"line":169,"column":null}}]},"55":{"loc":{"start":{"line":169,"column":35},"end":{"line":169,"column":59}},"type":"cond-expr","locations":[{"start":{"line":169,"column":47},"end":{"line":169,"column":49}},{"start":{"line":169,"column":47},"end":{"line":169,"column":59}}]},"56":{"loc":{"start":{"line":169,"column":35},"end":{"line":169,"column":49}},"type":"binary-expr","locations":[{"start":{"line":169,"column":35},"end":{"line":169,"column":49}},{"start":{"line":169,"column":47},"end":{"line":169,"column":49}}]},"57":{"loc":{"start":{"line":169,"column":35},"end":{"line":169,"column":47}},"type":"cond-expr","locations":[{"start":{"line":169,"column":41},"end":{"line":169,"column":43}},{"start":{"line":169,"column":35},"end":{"line":169,"column":47}}]},"58":{"loc":{"start":{"line":169,"column":35},"end":{"line":169,"column":43}},"type":"binary-expr","locations":[{"start":{"line":169,"column":35},"end":{"line":169,"column":43}},{"start":{"line":169,"column":35},"end":{"line":169,"column":43}}]},"59":{"loc":{"start":{"line":173,"column":8},"end":{"line":177,"column":null}},"type":"if","locations":[{"start":{"line":173,"column":8},"end":{"line":177,"column":null}}]},"60":{"loc":{"start":{"line":173,"column":12},"end":{"line":173,"column":27}},"type":"cond-expr","locations":[{"start":{"line":173,"column":19},"end":{"line":173,"column":21}},{"start":{"line":173,"column":19},"end":{"line":173,"column":27}}]},"61":{"loc":{"start":{"line":173,"column":12},"end":{"line":173,"column":21}},"type":"binary-expr","locations":[{"start":{"line":173,"column":12},"end":{"line":173,"column":21}},{"start":{"line":173,"column":19},"end":{"line":173,"column":21}}]},"62":{"loc":{"start":{"line":191,"column":6},"end":{"line":191,"column":15}},"type":"if","locations":[{"start":{"line":191,"column":6},"end":{"line":191,"column":15}}]},"63":{"loc":{"start":{"line":203,"column":2},"end":{"line":203,"column":null}},"type":"if","locations":[{"start":{"line":203,"column":2},"end":{"line":203,"column":null}}]},"64":{"loc":{"start":{"line":206,"column":2},"end":{"line":209,"column":null}},"type":"if","locations":[{"start":{"line":206,"column":2},"end":{"line":209,"column":null}}]},"65":{"loc":{"start":{"line":206,"column":6},"end":{"line":206,"column":43}},"type":"binary-expr","locations":[{"start":{"line":206,"column":6},"end":{"line":206,"column":27}},{"start":{"line":206,"column":31},"end":{"line":206,"column":43}}]},"66":{"loc":{"start":{"line":216,"column":2},"end":{"line":218,"column":null}},"type":"if","locations":[{"start":{"line":216,"column":2},"end":{"line":218,"column":null}}]},"67":{"loc":{"start":{"line":220,"column":2},"end":{"line":222,"column":null}},"type":"if","locations":[{"start":{"line":220,"column":2},"end":{"line":222,"column":null}}]},"68":{"loc":{"start":{"line":224,"column":2},"end":{"line":226,"column":null}},"type":"if","locations":[{"start":{"line":224,"column":2},"end":{"line":226,"column":null}}]},"69":{"loc":{"start":{"line":224,"column":6},"end":{"line":224,"column":38}},"type":"cond-expr","locations":[{"start":{"line":224,"column":30},"end":{"line":224,"column":32}},{"start":{"line":224,"column":30},"end":{"line":224,"column":38}}]},"70":{"loc":{"start":{"line":224,"column":6},"end":{"line":224,"column":32}},"type":"binary-expr","locations":[{"start":{"line":224,"column":6},"end":{"line":224,"column":32}},{"start":{"line":224,"column":30},"end":{"line":224,"column":32}}]},"71":{"loc":{"start":{"line":232,"column":4},"end":{"line":234,"column":null}},"type":"if","locations":[{"start":{"line":232,"column":4},"end":{"line":234,"column":null}}]},"72":{"loc":{"start":{"line":232,"column":8},"end":{"line":232,"column":31}},"type":"binary-expr","locations":[{"start":{"line":232,"column":8},"end":{"line":232,"column":13}},{"start":{"line":232,"column":17},"end":{"line":232,"column":31}}]},"73":{"loc":{"start":{"line":242,"column":2},"end":{"line":247,"column":null}},"type":"if","locations":[{"start":{"line":242,"column":2},"end":{"line":247,"column":null}}]},"74":{"loc":{"start":{"line":254,"column":2},"end":{"line":256,"column":null}},"type":"if","locations":[{"start":{"line":254,"column":2},"end":{"line":256,"column":null}}]},"75":{"loc":{"start":{"line":258,"column":15},"end":{"line":259,"column":null}},"type":"cond-expr","locations":[{"start":{"line":258,"column":41},"end":{"line":258,"column":43}},{"start":{"line":258,"column":41},"end":{"line":259,"column":null}}]},"76":{"loc":{"start":{"line":258,"column":15},"end":{"line":258,"column":43}},"type":"binary-expr","locations":[{"start":{"line":258,"column":15},"end":{"line":258,"column":43}},{"start":{"line":258,"column":41},"end":{"line":258,"column":43}}]},"77":{"loc":{"start":{"line":258,"column":15},"end":{"line":258,"column":41}},"type":"cond-expr","locations":[{"start":{"line":258,"column":29},"end":{"line":258,"column":31}},{"start":{"line":258,"column":29},"end":{"line":258,"column":41}}]},"78":{"loc":{"start":{"line":258,"column":15},"end":{"line":258,"column":31}},"type":"binary-expr","locations":[{"start":{"line":258,"column":15},"end":{"line":258,"column":31}},{"start":{"line":258,"column":29},"end":{"line":258,"column":31}}]},"79":{"loc":{"start":{"line":262,"column":2},"end":{"line":264,"column":null}},"type":"if","locations":[{"start":{"line":262,"column":2},"end":{"line":264,"column":null}}]}},"s":{"0":1,"1":1,"2":1,"3":1,"4":1,"5":1,"6":1,"7":3,"8":0,"9":6,"10":3,"11":6,"12":3,"13":3,"14":3,"15":3,"16":3,"17":3,"18":0,"19":0,"20":0,"21":3,"22":0,"23":3,"24":3,"25":3,"26":0,"27":0,"28":0,"29":0,"30":3,"31":0,"32":3,"33":6,"34":6,"35":2,"36":3,"37":3,"38":0,"39":0,"40":0,"41":0,"42":0,"43":0,"44":0,"45":0,"46":0,"47":1,"48":0,"49":0,"50":0,"51":0,"52":0,"53":0,"54":0,"55":0,"56":0,"57":0,"58":0,"59":0,"60":0,"61":0,"62":0,"63":0,"64":0,"65":0,"66":0,"67":0,"68":0,"69":0,"70":0,"71":0,"72":0,"73":0,"74":0,"75":0,"76":3,"77":6,"78":0,"79":3,"80":3,"81":3,"82":3,"83":3,"84":3,"85":0,"86":3,"87":3,"88":3,"89":3,"90":3,"91":3,"92":3,"93":3,"94":0,"95":0,"96":0,"97":0,"98":0,"99":3,"100":3,"101":3,"102":3,"103":3,"104":3,"105":0,"106":0,"107":0,"108":0,"109":0,"110":1},"f":{"0":3,"1":0,"2":0,"3":0,"4":0,"5":0,"6":0,"7":3,"8":3,"9":0},"b":{"0":[0],"1":[3],"2":[0,3],"3":[3,3],"4":[0],"5":[0,3],"6":[3,3],"7":[0],"8":[3,0],"9":[0,0],"10":[0,0],"11":[0,0],"12":[0,0],"13":[0,0],"14":[0,0],"15":[0,0],"16":[0,0],"17":[0,0],"18":[0],"19":[0,3],"20":[3,3],"21":[0,3],"22":[3,3],"23":[0,3],"24":[3,3],"25":[0,3],"26":[3,3],"27":[2,0],"28":[3,0],"29":[0,0],"30":[0,0],"31":[0,0],"32":[0,0],"33":[0,0],"34":[0,0],"35":[0,0],"36":[0],"37":[0,0],"38":[0,0],"39":[0,0],"40":[0,0],"41":[0,0],"42":[0,0],"43":[0],"44":[0],"45":[0,0],"46":[0,0],"47":[0],"48":[0,0],"49":[0,0],"50":[0,0],"51":[0,0],"52":[0,0],"53":[0,0],"54":[0,0],"55":[0,0],"56":[0,0],"57":[0,0],"58":[0,0],"59":[0],"60":[0,0],"61":[0,0],"62":[3],"63":[0],"64":[3],"65":[3,3],"66":[0],"67":[3],"68":[3],"69":[0,3],"70":[3,3],"71":[0],"72":[0,0],"73":[3],"74":[3],"75":[0,0],"76":[0,0],"77":[0,0],"78":[0,0],"79":[0]}}
,"/__w/backlog/backlog/work/runner-container-hooks/packages/k8s/src/hooks/run-container-step.ts": {"path":"/__w/backlog/backlog/work/runner-container-hooks/packages/k8s/src/hooks/run-container-step.ts","statementMap":{"0":{"start":{"line":1,"column":0},"end":{"line":1,"column":37}},"1":{"start":{"line":2,"column":0},"end":{"line":2,"column":46}},"2":{"start":{"line":4,"column":0},"end":{"line":4,"column":null}},"3":{"start":{"line":16,"column":0},"end":{"line":16,"column":null}},"4":{"start":{"line":23,"column":0},"end":{"line":23,"column":78}},"5":{"start":{"line":28,"column":2},"end":{"line":30,"column":null}},"6":{"start":{"line":29,"column":4},"end":{"line":29,"column":null}},"7":{"start":{"line":32,"column":6},"end":{"line":32,"column":null}},"8":{"start":{"line":33,"column":6},"end":{"line":33,"column":19}},"9":{"start":{"line":35,"column":12},"end":{"line":37,"column":null}},"10":{"start":{"line":38,"column":6},"end":{"line":38,"column":null}},"11":{"start":{"line":39,"column":6},"end":{"line":41,"column":null}},"12":{"start":{"line":40,"column":8},"end":{"line":40,"column":null}},"13":{"start":{"line":42,"column":19},"end":{"line":42,"column":null}},"14":{"start":{"line":42,"column":6},"end":{"line":42,"column":null}},"15":{"start":{"line":44,"column":6},"end":{"line":44,"column":null}},"16":{"start":{"line":45,"column":12},"end":{"line":45,"column":null}},"17":{"start":{"line":46,"column":6},"end":{"line":46,"column":null}},"18":{"start":{"line":50,"column":8},"end":{"line":50,"column":null}},"19":{"start":{"line":52,"column":2},"end":{"line":52,"column":null}},"20":{"start":{"line":53,"column":8},"end":{"line":53,"column":null}},"21":{"start":{"line":57,"column":10},"end":{"line":57,"column":null}},"22":{"start":{"line":57,"column":4},"end":{"line":57,"column":null}},"23":{"start":{"line":59,"column":4},"end":{"line":59,"column":null}},"24":{"start":{"line":60,"column":10},"end":{"line":60,"column":null}},"25":{"start":{"line":61,"column":4},"end":{"line":61,"column":null}},"26":{"start":{"line":64,"column":2},"end":{"line":70,"column":null}},"27":{"start":{"line":65,"column":4},"end":{"line":69,"column":null}},"28":{"start":{"line":71,"column":2},"end":{"line":71,"column":null}},"29":{"start":{"line":75,"column":14},"end":{"line":75,"column":null}},"30":{"start":{"line":75,"column":4},"end":{"line":75,"column":null}},"31":{"start":{"line":77,"column":4},"end":{"line":77,"column":null}},"32":{"start":{"line":78,"column":10},"end":{"line":78,"column":null}},"33":{"start":{"line":79,"column":4},"end":{"line":79,"column":null}},"34":{"start":{"line":82,"column":2},"end":{"line":91,"column":null}},"35":{"start":{"line":92,"column":2},"end":{"line":92,"column":null}},"36":{"start":{"line":94,"column":2},"end":{"line":94,"column":null}},"37":{"start":{"line":96,"column":2},"end":{"line":96,"column":null}},"38":{"start":{"line":97,"column":2},"end":{"line":97,"column":null}},"39":{"start":{"line":100,"column":17},"end":{"line":100,"column":null}},"40":{"start":{"line":100,"column":8},"end":{"line":100,"column":null}},"41":{"start":{"line":101,"column":2},"end":{"line":103,"column":null}},"42":{"start":{"line":102,"column":4},"end":{"line":102,"column":null}},"43":{"start":{"line":104,"column":2},"end":{"line":111,"column":null}},"44":{"start":{"line":105,"column":4},"end":{"line":109,"column":null}},"45":{"start":{"line":110,"column":4},"end":{"line":110,"column":null}},"46":{"start":{"line":113,"column":14},"end":{"line":113,"column":null}},"47":{"start":{"line":113,"column":8},"end":{"line":113,"column":null}},"48":{"start":{"line":114,"column":8},"end":{"line":114,"column":null}},"49":{"start":{"line":115,"column":6},"end":{"line":115,"column":22}},"50":{"start":{"line":116,"column":20},"end":{"line":116,"column":null}},"51":{"start":{"line":116,"column":10},"end":{"line":116,"column":null}},"52":{"start":{"line":117,"column":4},"end":{"line":119,"column":null}},"53":{"start":{"line":120,"column":4},"end":{"line":120,"column":null}},"54":{"start":{"line":123,"column":8},"end":{"line":125,"column":null}},"55":{"start":{"line":126,"column":2},"end":{"line":126,"column":null}},"56":{"start":{"line":25,"column":0},"end":{"line":25,"column":22}},"57":{"start":{"line":134,"column":23},"end":{"line":134,"column":44}},"58":{"start":{"line":135,"column":2},"end":{"line":135,"column":null}},"59":{"start":{"line":136,"column":2},"end":{"line":136,"column":null}},"60":{"start":{"line":137,"column":2},"end":{"line":137,"column":null}},"61":{"start":{"line":138,"column":2},"end":{"line":140,"column":null}},"62":{"start":{"line":141,"column":2},"end":{"line":143,"column":null}},"63":{"start":{"line":145,"column":2},"end":{"line":154,"column":null}},"64":{"start":{"line":146,"column":4},"end":{"line":153,"column":null}},"65":{"start":{"line":155,"column":2},"end":{"line":155,"column":null}},"66":{"start":{"line":157,"column":2},"end":{"line":159,"column":null}},"67":{"start":{"line":158,"column":4},"end":{"line":158,"column":null}},"68":{"start":{"line":161,"column":15},"end":{"line":162,"column":null}},"69":{"start":{"line":162,"column":9},"end":{"line":162,"column":null}},"70":{"start":{"line":164,"column":2},"end":{"line":166,"column":null}},"71":{"start":{"line":165,"column":4},"end":{"line":165,"column":null}},"72":{"start":{"line":168,"column":2},"end":{"line":168,"column":null}}},"fnMap":{"0":{"name":"runContainerStep","decl":{"start":{"line":25,"column":22},"end":{"line":25,"column":38}},"loc":{"start":{"line":26,"column":37},"end":{"line":127,"column":null}}},"1":{"name":"createContainerSpec","decl":{"start":{"line":129,"column":9},"end":{"line":129,"column":28}},"loc":{"start":{"line":132,"column":35},"end":{"line":169,"column":1}}},"2":{"name":"(anonymous_23)","decl":{"start":{"line":162,"column":4},"end":{"line":162,"column":5}},"loc":{"start":{"line":162,"column":5},"end":{"line":162,"column":10}}}},"branchMap":{"0":{"loc":{"start":{"line":82,"column":2},"end":{"line":91,"column":null}},"type":"switch","locations":[{"start":{"line":82,"column":2},"end":{"line":91,"column":null}}]},"1":{"loc":{"start":{"line":28,"column":2},"end":{"line":30,"column":null}},"type":"if","locations":[{"start":{"line":28,"column":2},"end":{"line":30,"column":null}}]},"2":{"loc":{"start":{"line":33,"column":6},"end":{"line":33,"column":19}},"type":"if","locations":[{"start":{"line":33,"column":6},"end":{"line":33,"column":19}}]},"3":{"loc":{"start":{"line":39,"column":6},"end":{"line":41,"column":null}},"type":"if","locations":[{"start":{"line":39,"column":6},"end":{"line":41,"column":null}}]},"4":{"loc":{"start":{"line":45,"column":22},"end":{"line":45,"column":66}},"type":"binary-expr","locations":[{"start":{"line":45,"column":22},"end":{"line":45,"column":59}},{"start":{"line":45,"column":63},"end":{"line":45,"column":66}}]},"5":{"loc":{"start":{"line":45,"column":22},"end":{"line":45,"column":59}},"type":"cond-expr","locations":[{"start":{"line":45,"column":50},"end":{"line":45,"column":52}},{"start":{"line":45,"column":50},"end":{"line":45,"column":59}}]},"6":{"loc":{"start":{"line":45,"column":22},"end":{"line":45,"column":52}},"type":"binary-expr","locations":[{"start":{"line":45,"column":22},"end":{"line":45,"column":52}},{"start":{"line":45,"column":50},"end":{"line":45,"column":52}}]},"7":{"loc":{"start":{"line":45,"column":22},"end":{"line":45,"column":50}},"type":"cond-expr","locations":[{"start":{"line":45,"column":44},"end":{"line":45,"column":46}},{"start":{"line":45,"column":44},"end":{"line":45,"column":50}}]},"8":{"loc":{"start":{"line":45,"column":22},"end":{"line":45,"column":46}},"type":"binary-expr","locations":[{"start":{"line":45,"column":22},"end":{"line":45,"column":46}},{"start":{"line":45,"column":44},"end":{"line":45,"column":46}}]},"9":{"loc":{"start":{"line":45,"column":23},"end":{"line":45,"column":44}},"type":"cond-expr","locations":[{"start":{"line":45,"column":26},"end":{"line":45,"column":34}},{"start":{"line":45,"column":23},"end":{"line":45,"column":44}}]},"10":{"loc":{"start":{"line":45,"column":23},"end":{"line":45,"column":34}},"type":"binary-expr","locations":[{"start":{"line":45,"column":23},"end":{"line":45,"column":36}},{"start":{"line":45,"column":23},"end":{"line":45,"column":34}}]},"11":{"loc":{"start":{"line":60,"column":20},"end":{"line":60,"column":64}},"type":"binary-expr","locations":[{"start":{"line":60,"column":20},"end":{"line":60,"column":57}},{"start":{"line":60,"column":61},"end":{"line":60,"column":64}}]},"12":{"loc":{"start":{"line":60,"column":20},"end":{"line":60,"column":57}},"type":"cond-expr","locations":[{"start":{"line":60,"column":48},"end":{"line":60,"column":50}},{"start":{"line":60,"column":48},"end":{"line":60,"column":57}}]},"13":{"loc":{"start":{"line":60,"column":20},"end":{"line":60,"column":50}},"type":"binary-expr","locations":[{"start":{"line":60,"column":20},"end":{"line":60,"column":50}},{"start":{"line":60,"column":48},"end":{"line":60,"column":50}}]},"14":{"loc":{"start":{"line":60,"column":20},"end":{"line":60,"column":48}},"type":"cond-expr","locations":[{"start":{"line":60,"column":42},"end":{"line":60,"column":44}},{"start":{"line":60,"column":42},"end":{"line":60,"column":48}}]},"15":{"loc":{"start":{"line":60,"column":20},"end":{"line":60,"column":44}},"type":"binary-expr","locations":[{"start":{"line":60,"column":20},"end":{"line":60,"column":44}},{"start":{"line":60,"column":42},"end":{"line":60,"column":44}}]},"16":{"loc":{"start":{"line":60,"column":21},"end":{"line":60,"column":42}},"type":"cond-expr","locations":[{"start":{"line":60,"column":24},"end":{"line":60,"column":32}},{"start":{"line":60,"column":21},"end":{"line":60,"column":42}}]},"17":{"loc":{"start":{"line":60,"column":21},"end":{"line":60,"column":32}},"type":"binary-expr","locations":[{"start":{"line":60,"column":21},"end":{"line":60,"column":34}},{"start":{"line":60,"column":21},"end":{"line":60,"column":32}}]},"18":{"loc":{"start":{"line":64,"column":2},"end":{"line":70,"column":null}},"type":"if","locations":[{"start":{"line":64,"column":2},"end":{"line":70,"column":null}}]},"19":{"loc":{"start":{"line":64,"column":7},"end":{"line":64,"column":25}},"type":"cond-expr","locations":[{"start":{"line":64,"column":19},"end":{"line":64,"column":21}},{"start":{"line":64,"column":19},"end":{"line":64,"column":25}}]},"20":{"loc":{"start":{"line":64,"column":7},"end":{"line":64,"column":21}},"type":"binary-expr","locations":[{"start":{"line":64,"column":7},"end":{"line":64,"column":21}},{"start":{"line":64,"column":19},"end":{"line":64,"column":21}}]},"21":{"loc":{"start":{"line":71,"column":55},"end":{"line":71,"column":73}},"type":"cond-expr","locations":[{"start":{"line":71,"column":67},"end":{"line":71,"column":69}},{"start":{"line":71,"column":67},"end":{"line":71,"column":73}}]},"22":{"loc":{"start":{"line":71,"column":55},"end":{"line":71,"column":69}},"type":"binary-expr","locations":[{"start":{"line":71,"column":55},"end":{"line":71,"column":69}},{"start":{"line":71,"column":67},"end":{"line":71,"column":69}}]},"23":{"loc":{"start":{"line":78,"column":20},"end":{"line":78,"column":64}},"type":"binary-expr","locations":[{"start":{"line":78,"column":20},"end":{"line":78,"column":57}},{"start":{"line":78,"column":61},"end":{"line":78,"column":64}}]},"24":{"loc":{"start":{"line":78,"column":20},"end":{"line":78,"column":57}},"type":"cond-expr","locations":[{"start":{"line":78,"column":48},"end":{"line":78,"column":50}},{"start":{"line":78,"column":48},"end":{"line":78,"column":57}}]},"25":{"loc":{"start":{"line":78,"column":20},"end":{"line":78,"column":50}},"type":"binary-expr","locations":[{"start":{"line":78,"column":20},"end":{"line":78,"column":50}},{"start":{"line":78,"column":48},"end":{"line":78,"column":50}}]},"26":{"loc":{"start":{"line":78,"column":20},"end":{"line":78,"column":48}},"type":"cond-expr","locations":[{"start":{"line":78,"column":42},"end":{"line":78,"column":44}},{"start":{"line":78,"column":42},"end":{"line":78,"column":48}}]},"27":{"loc":{"start":{"line":78,"column":20},"end":{"line":78,"column":44}},"type":"binary-expr","locations":[{"start":{"line":78,"column":20},"end":{"line":78,"column":44}},{"start":{"line":78,"column":42},"end":{"line":78,"column":44}}]},"28":{"loc":{"start":{"line":78,"column":21},"end":{"line":78,"column":42}},"type":"cond-expr","locations":[{"start":{"line":78,"column":24},"end":{"line":78,"column":32}},{"start":{"line":78,"column":21},"end":{"line":78,"column":42}}]},"29":{"loc":{"start":{"line":78,"column":21},"end":{"line":78,"column":32}},"type":"binary-expr","locations":[{"start":{"line":78,"column":21},"end":{"line":78,"column":34}},{"start":{"line":78,"column":21},"end":{"line":78,"column":32}}]},"30":{"loc":{"start":{"line":101,"column":2},"end":{"line":103,"column":null}},"type":"if","locations":[{"start":{"line":101,"column":2},"end":{"line":103,"column":null}}]},"31":{"loc":{"start":{"line":101,"column":6},"end":{"line":101,"column":19}},"type":"cond-expr","locations":[{"start":{"line":101,"column":12},"end":{"line":101,"column":14}},{"start":{"line":101,"column":6},"end":{"line":101,"column":19}}]},"32":{"loc":{"start":{"line":101,"column":6},"end":{"line":101,"column":14}},"type":"binary-expr","locations":[{"start":{"line":101,"column":6},"end":{"line":101,"column":14}},{"start":{"line":101,"column":6},"end":{"line":101,"column":14}}]},"33":{"loc":{"start":{"line":104,"column":2},"end":{"line":111,"column":null}},"type":"if","locations":[{"start":{"line":104,"column":2},"end":{"line":111,"column":null}}]},"34":{"loc":{"start":{"line":104,"column":7},"end":{"line":104,"column":40}},"type":"cond-expr","locations":[{"start":{"line":104,"column":32},"end":{"line":104,"column":34}},{"start":{"line":104,"column":32},"end":{"line":104,"column":40}}]},"35":{"loc":{"start":{"line":104,"column":7},"end":{"line":104,"column":34}},"type":"binary-expr","locations":[{"start":{"line":104,"column":7},"end":{"line":104,"column":34}},{"start":{"line":104,"column":32},"end":{"line":104,"column":34}}]},"36":{"loc":{"start":{"line":104,"column":7},"end":{"line":104,"column":32}},"type":"cond-expr","locations":[{"start":{"line":104,"column":13},"end":{"line":104,"column":15}},{"start":{"line":104,"column":7},"end":{"line":104,"column":32}}]},"37":{"loc":{"start":{"line":104,"column":7},"end":{"line":104,"column":15}},"type":"binary-expr","locations":[{"start":{"line":104,"column":7},"end":{"line":104,"column":15}},{"start":{"line":104,"column":7},"end":{"line":104,"column":15}}]},"38":{"loc":{"start":{"line":115,"column":6},"end":{"line":115,"column":22}},"type":"if","locations":[{"start":{"line":115,"column":6},"end":{"line":115,"column":22}}]},"39":{"loc":{"start":{"line":124,"column":4},"end":{"line":125,"column":28}},"type":"cond-expr","locations":[{"start":{"line":125,"column":18},"end":{"line":125,"column":20}},{"start":{"line":125,"column":18},"end":{"line":125,"column":28}}]},"40":{"loc":{"start":{"line":124,"column":4},"end":{"line":125,"column":20}},"type":"binary-expr","locations":[{"start":{"line":124,"column":4},"end":{"line":125,"column":20}},{"start":{"line":125,"column":18},"end":{"line":125,"column":20}}]},"41":{"loc":{"start":{"line":124,"column":4},"end":{"line":125,"column":18}},"type":"cond-expr","locations":[{"start":{"line":124,"column":71},"end":{"line":124,"column":null}},{"start":{"line":124,"column":71},"end":{"line":125,"column":18}}]},"42":{"loc":{"start":{"line":124,"column":4},"end":{"line":124,"column":null}},"type":"binary-expr","locations":[{"start":{"line":124,"column":4},"end":{"line":124,"column":null}},{"start":{"line":124,"column":71},"end":{"line":124,"column":null}}]},"43":{"loc":{"start":{"line":126,"column":9},"end":{"line":126,"column":30}},"type":"binary-expr","locations":[{"start":{"line":126,"column":9},"end":{"line":126,"column":25}},{"start":{"line":126,"column":29},"end":{"line":126,"column":30}}]},"44":{"loc":{"start":{"line":138,"column":25},"end":{"line":140,"column":15}},"type":"cond-expr","locations":[{"start":{"line":139,"column":6},"end":{"line":139,"column":28}},{"start":{"line":140,"column":6},"end":{"line":140,"column":15}}]},"45":{"loc":{"start":{"line":141,"column":22},"end":{"line":143,"column":15}},"type":"cond-expr","locations":[{"start":{"line":142,"column":6},"end":{"line":142,"column":39}},{"start":{"line":143,"column":6},"end":{"line":143,"column":15}}]},"46":{"loc":{"start":{"line":141,"column":22},"end":{"line":141,"column":54}},"type":"cond-expr","locations":[{"start":{"line":141,"column":46},"end":{"line":141,"column":48}},{"start":{"line":141,"column":46},"end":{"line":141,"column":54}}]},"47":{"loc":{"start":{"line":141,"column":22},"end":{"line":141,"column":48}},"type":"binary-expr","locations":[{"start":{"line":141,"column":22},"end":{"line":141,"column":48}},{"start":{"line":141,"column":46},"end":{"line":141,"column":48}}]},"48":{"loc":{"start":{"line":145,"column":2},"end":{"line":154,"column":null}},"type":"if","locations":[{"start":{"line":145,"column":2},"end":{"line":154,"column":null}}]},"49":{"loc":{"start":{"line":157,"column":2},"end":{"line":159,"column":null}},"type":"if","locations":[{"start":{"line":157,"column":2},"end":{"line":159,"column":null}}]},"50":{"loc":{"start":{"line":161,"column":15},"end":{"line":162,"column":null}},"type":"cond-expr","locations":[{"start":{"line":161,"column":41},"end":{"line":161,"column":43}},{"start":{"line":161,"column":41},"end":{"line":162,"column":null}}]},"51":{"loc":{"start":{"line":161,"column":15},"end":{"line":161,"column":43}},"type":"binary-expr","locations":[{"start":{"line":161,"column":15},"end":{"line":161,"column":43}},{"start":{"line":161,"column":41},"end":{"line":161,"column":43}}]},"52":{"loc":{"start":{"line":161,"column":15},"end":{"line":161,"column":41}},"type":"cond-expr","locations":[{"start":{"line":161,"column":29},"end":{"line":161,"column":31}},{"start":{"line":161,"column":29},"end":{"line":161,"column":41}}]},"53":{"loc":{"start":{"line":161,"column":15},"end":{"line":161,"column":31}},"type":"binary-expr","locations":[{"start":{"line":161,"column":15},"end":{"line":161,"column":31}},{"start":{"line":161,"column":29},"end":{"line":161,"column":31}}]},"54":{"loc":{"start":{"line":164,"column":2},"end":{"line":166,"column":null}},"type":"if","locations":[{"start":{"line":164,"column":2},"end":{"line":166,"column":null}}]}},"s":{"0":1,"1":1,"2":1,"3":1,"4":1,"5":0,"6":0,"7":0,"8":0,"9":0,"10":0,"11":0,"12":0,"13":0,"14":0,"15":0,"16":0,"17":0,"18":0,"19":0,"20":0,"21":0,"22":0,"23":0,"24":0,"25":0,"26":0,"27":0,"28":0,"29":0,"30":0,"31":0,"32":0,"33":0,"34":0,"35":0,"36":0,"37":0,"38":0,"39":0,"40":0,"41":0,"42":0,"43":0,"44":0,"45":0,"46":0,"47":0,"48":0,"49":0,"50":0,"51":0,"52":0,"53":0,"54":0,"55":0,"56":1,"57":0,"58":0,"59":0,"60":0,"61":0,"62":0,"63":0,"64":0,"65":0,"66":0,"67":0,"68":0,"69":0,"70":0,"71":0,"72":0},"f":{"0":0,"1":0,"2":0},"b":{"0":[0],"1":[0],"2":[0],"3":[0],"4":[0,0],"5":[0,0],"6":[0,0],"7":[0,0],"8":[0,0],"9":[0,0],"10":[0,0],"11":[0,0],"12":[0,0],"13":[0,0],"14":[0,0],"15":[0,0],"16":[0,0],"17":[0,0],"18":[0],"19":[0,0],"20":[0,0],"21":[0,0],"22":[0,0],"23":[0,0],"24":[0,0],"25":[0,0],"26":[0,0],"27":[0,0],"28":[0,0],"29":[0,0],"30":[0],"31":[0,0],"32":[0,0],"33":[0],"34":[0,0],"35":[0,0],"36":[0,0],"37":[0,0],"38":[0],"39":[0,0],"40":[0,0],"41":[0,0],"42":[0,0],"43":[0,0],"44":[0,0],"45":[0,0],"46":[0,0],"47":[0,0],"48":[0],"49":[0],"50":[0,0],"51":[0,0],"52":[0,0],"53":[0,0],"54":[0]}}
,"/__w/backlog/backlog/work/runner-container-hooks/packages/k8s/src/hooks/run-script-step.ts": {"path":"/__w/backlog/backlog/work/runner-container-hooks/packages/k8s/src/hooks/run-script-step.ts","statementMap":{"0":{"start":{"line":2,"column":0},"end":{"line":2,"column":24}},"1":{"start":{"line":3,"column":0},"end":{"line":3,"column":37}},"2":{"start":{"line":5,"column":0},"end":{"line":5,"column":36}},"3":{"start":{"line":6,"column":0},"end":{"line":6,"column":52}},"4":{"start":{"line":7,"column":0},"end":{"line":7,"column":48}},"5":{"start":{"line":14,"column":10},"end":{"line":14,"column":63}},"6":{"start":{"line":15,"column":8},"end":{"line":15,"column":40}},"7":{"start":{"line":23,"column":2},"end":{"line":23,"column":null}},"8":{"start":{"line":24,"column":2},"end":{"line":24,"column":null}},"9":{"start":{"line":26,"column":4},"end":{"line":30,"column":null}},"10":{"start":{"line":32,"column":4},"end":{"line":32,"column":null}},"11":{"start":{"line":33,"column":10},"end":{"line":33,"column":null}},"12":{"start":{"line":34,"column":4},"end":{"line":34,"column":null}},"13":{"start":{"line":36,"column":4},"end":{"line":36,"column":null}},"14":{"start":{"line":9,"column":0},"end":{"line":9,"column":22}}},"fnMap":{"0":{"name":"runScriptStep","decl":{"start":{"line":9,"column":22},"end":{"line":9,"column":35}},"loc":{"start":{"line":12,"column":14},"end":{"line":38,"column":null}}}},"branchMap":{"0":{"loc":{"start":{"line":33,"column":20},"end":{"line":33,"column":64}},"type":"binary-expr","locations":[{"start":{"line":33,"column":20},"end":{"line":33,"column":57}},{"start":{"line":33,"column":61},"end":{"line":33,"column":64}}]},"1":{"loc":{"start":{"line":33,"column":20},"end":{"line":33,"column":57}},"type":"cond-expr","locations":[{"start":{"line":33,"column":48},"end":{"line":33,"column":50}},{"start":{"line":33,"column":48},"end":{"line":33,"column":57}}]},"2":{"loc":{"start":{"line":33,"column":20},"end":{"line":33,"column":50}},"type":"binary-expr","locations":[{"start":{"line":33,"column":20},"end":{"line":33,"column":50}},{"start":{"line":33,"column":48},"end":{"line":33,"column":50}}]},"3":{"loc":{"start":{"line":33,"column":20},"end":{"line":33,"column":48}},"type":"cond-expr","locations":[{"start":{"line":33,"column":42},"end":{"line":33,"column":44}},{"start":{"line":33,"column":42},"end":{"line":33,"column":48}}]},"4":{"loc":{"start":{"line":33,"column":20},"end":{"line":33,"column":44}},"type":"binary-expr","locations":[{"start":{"line":33,"column":20},"end":{"line":33,"column":44}},{"start":{"line":33,"column":42},"end":{"line":33,"column":44}}]},"5":{"loc":{"start":{"line":33,"column":21},"end":{"line":33,"column":42}},"type":"cond-expr","locations":[{"start":{"line":33,"column":24},"end":{"line":33,"column":32}},{"start":{"line":33,"column":21},"end":{"line":33,"column":42}}]},"6":{"loc":{"start":{"line":33,"column":21},"end":{"line":33,"column":32}},"type":"binary-expr","locations":[{"start":{"line":33,"column":21},"end":{"line":33,"column":34}},{"start":{"line":33,"column":21},"end":{"line":33,"column":32}}]}},"s":{"0":1,"1":1,"2":1,"3":1,"4":1,"5":0,"6":0,"7":0,"8":0,"9":0,"10":0,"11":0,"12":0,"13":0,"14":1},"f":{"0":0},"b":{"0":[0,0],"1":[0,0],"2":[0,0],"3":[0,0],"4":[0,0],"5":[0,0],"6":[0,0]}}
,"/__w/backlog/backlog/work/runner-container-hooks/packages/k8s/src/k8s/index.ts": {"path":"/__w/backlog/backlog/work/runner-container-hooks/packages/k8s/src/k8s/index.ts","statementMap":{"0":{"start":{"line":1,"column":0},"end":{"line":1,"column":37}},"1":{"start":{"line":2,"column":0},"end":{"line":2,"column":46}},"2":{"start":{"line":4,"column":0},"end":{"line":4,"column":32}},"3":{"start":{"line":5,"column":0},"end":{"line":5,"column":null}},"4":{"start":{"line":13,"column":0},"end":{"line":13,"column":null}},"5":{"start":{"line":21,"column":11},"end":{"line":21,"column":31}},"6":{"start":{"line":23,"column":0},"end":{"line":23,"column":null}},"7":{"start":{"line":25,"column":15},"end":{"line":25,"column":46}},"8":{"start":{"line":26,"column":22},"end":{"line":26,"column":54}},"9":{"start":{"line":27,"column":30},"end":{"line":27,"column":70}},"10":{"start":{"line":29,"column":42},"end":{"line":29,"column":49}},"11":{"start":{"line":31,"column":13},"end":{"line":31,"column":null}},"12":{"start":{"line":33,"column":13},"end":{"line":64,"column":null}},"13":{"start":{"line":72,"column":8},"end":{"line":72,"column":null}},"14":{"start":{"line":73,"column":2},"end":{"line":75,"column":null}},"15":{"start":{"line":74,"column":4},"end":{"line":74,"column":null}},"16":{"start":{"line":76,"column":2},"end":{"line":78,"column":null}},"17":{"start":{"line":77,"column":4},"end":{"line":77,"column":32}},"18":{"start":{"line":80,"column":8},"end":{"line":80,"column":null}},"19":{"start":{"line":82,"column":2},"end":{"line":82,"column":null}},"20":{"start":{"line":83,"column":2},"end":{"line":83,"column":null}},"21":{"start":{"line":85,"column":2},"end":{"line":85,"column":null}},"22":{"start":{"line":86,"column":2},"end":{"line":86,"column":null}},"23":{"start":{"line":88,"column":8},"end":{"line":88,"column":null}},"24":{"start":{"line":89,"column":2},"end":{"line":91,"column":null}},"25":{"start":{"line":92,"column":2},"end":{"line":92,"column":null}},"26":{"start":{"line":94,"column":2},"end":{"line":94,"column":null}},"27":{"start":{"line":95,"column":2},"end":{"line":95,"column":null}},"28":{"start":{"line":96,"column":2},"end":{"line":96,"column":null}},"29":{"start":{"line":98,"column":19},"end":{"line":98,"column":null}},"30":{"start":{"line":98,"column":8},"end":{"line":98,"column":null}},"31":{"start":{"line":99,"column":6},"end":{"line":99,"column":22}},"32":{"start":{"line":100,"column":4},"end":{"line":100,"column":16}},"33":{"start":{"line":100,"column":27},"end":{"line":100,"column":null}},"34":{"start":{"line":100,"column":4},"end":{"line":100,"column":null}},"35":{"start":{"line":102,"column":4},"end":{"line":102,"column":16}},"36":{"start":{"line":102,"column":27},"end":{"line":102,"column":null}},"37":{"start":{"line":102,"column":4},"end":{"line":102,"column":null}},"38":{"start":{"line":104,"column":8},"end":{"line":104,"column":null}},"39":{"start":{"line":105,"column":2},"end":{"line":110,"column":null}},"40":{"start":{"line":112,"column":6},"end":{"line":112,"column":14}},"41":{"start":{"line":113,"column":19},"end":{"line":113,"column":null}},"42":{"start":{"line":113,"column":10},"end":{"line":113,"column":null}},"43":{"start":{"line":114,"column":4},"end":{"line":116,"column":null}},"44":{"start":{"line":115,"column":6},"end":{"line":115,"column":null}},"45":{"start":{"line":117,"column":10},"end":{"line":117,"column":null}},"46":{"start":{"line":118,"column":4},"end":{"line":118,"column":null}},"47":{"start":{"line":119,"column":4},"end":{"line":119,"column":null}},"48":{"start":{"line":122,"column":2},"end":{"line":124,"column":null}},"49":{"start":{"line":123,"column":4},"end":{"line":123,"column":null}},"50":{"start":{"line":126,"column":2},"end":{"line":128,"column":null}},"51":{"start":{"line":127,"column":4},"end":{"line":127,"column":null}},"52":{"start":{"line":130,"column":19},"end":{"line":130,"column":null}},"53":{"start":{"line":130,"column":10},"end":{"line":130,"column":19}},"54":{"start":{"line":131,"column":2},"end":{"line":131,"column":null}},"55":{"start":{"line":66,"column":0},"end":{"line":66,"column":22}},"56":{"start":{"line":138,"column":8},"end":{"line":138,"column":null}},"57":{"start":{"line":140,"column":8},"end":{"line":140,"column":null}},"58":{"start":{"line":141,"column":2},"end":{"line":141,"column":null}},"59":{"start":{"line":142,"column":2},"end":{"line":142,"column":null}},"60":{"start":{"line":143,"column":2},"end":{"line":143,"column":null}},"61":{"start":{"line":144,"column":2},"end":{"line":144,"column":null}},"62":{"start":{"line":145,"column":2},"end":{"line":145,"column":null}},"63":{"start":{"line":146,"column":2},"end":{"line":146,"column":null}},"64":{"start":{"line":148,"column":2},"end":{"line":148,"column":null}},"65":{"start":{"line":149,"column":2},"end":{"line":149,"column":null}},"66":{"start":{"line":150,"column":2},"end":{"line":150,"column":null}},"67":{"start":{"line":151,"column":2},"end":{"line":151,"column":null}},"68":{"start":{"line":153,"column":2},"end":{"line":153,"column":null}},"69":{"start":{"line":154,"column":2},"end":{"line":154,"column":null}},"70":{"start":{"line":155,"column":2},"end":{"line":155,"column":null}},"71":{"start":{"line":156,"column":2},"end":{"line":156,"column":null}},"72":{"start":{"line":157,"column":2},"end":{"line":157,"column":null}},"73":{"start":{"line":158,"column":2},"end":{"line":158,"column":null}},"74":{"start":{"line":160,"column":19},"end":{"line":160,"column":null}},"75":{"start":{"line":160,"column":8},"end":{"line":160,"column":null}},"76":{"start":{"line":161,"column":6},"end":{"line":161,"column":22}},"77":{"start":{"line":162,"column":4},"end":{"line":162,"column":27}},"78":{"start":{"line":162,"column":38},"end":{"line":162,"column":null}},"79":{"start":{"line":162,"column":4},"end":{"line":162,"column":null}},"80":{"start":{"line":164,"column":4},"end":{"line":164,"column":27}},"81":{"start":{"line":164,"column":38},"end":{"line":164,"column":null}},"82":{"start":{"line":164,"column":4},"end":{"line":164,"column":null}},"83":{"start":{"line":167,"column":8},"end":{"line":167,"column":null}},"84":{"start":{"line":168,"column":2},"end":{"line":173,"column":null}},"85":{"start":{"line":175,"column":2},"end":{"line":184,"column":null}},"86":{"start":{"line":176,"column":4},"end":{"line":180,"column":null}},"87":{"start":{"line":178,"column":6},"end":{"line":178,"column":null}},"88":{"start":{"line":179,"column":6},"end":{"line":179,"column":null}},"89":{"start":{"line":181,"column":4},"end":{"line":183,"column":null}},"90":{"start":{"line":182,"column":6},"end":{"line":182,"column":null}},"91":{"start":{"line":186,"column":19},"end":{"line":186,"column":null}},"92":{"start":{"line":186,"column":10},"end":{"line":186,"column":19}},"93":{"start":{"line":187,"column":2},"end":{"line":187,"column":null}},"94":{"start":{"line":134,"column":0},"end":{"line":134,"column":22}},"95":{"start":{"line":191,"column":8},"end":{"line":191,"column":null}},"96":{"start":{"line":192,"column":8},"end":{"line":192,"column":null}},"97":{"start":{"line":193,"column":9},"end":{"line":193,"column":null}},"98":{"start":{"line":193,"column":13},"end":{"line":193,"column":null}},"99":{"start":{"line":194,"column":20},"end":{"line":202,"column":null}},"100":{"start":{"line":194,"column":10},"end":{"line":202,"column":null}},"101":{"start":{"line":204,"column":8},"end":{"line":204,"column":9}},"102":{"start":{"line":205,"column":6},"end":{"line":205,"column":null}},"103":{"start":{"line":206,"column":6},"end":{"line":206,"column":14}},"104":{"start":{"line":209,"column":4},"end":{"line":213,"column":null}},"105":{"start":{"line":210,"column":6},"end":{"line":212,"column":null}},"106":{"start":{"line":214,"column":4},"end":{"line":214,"column":null}},"107":{"start":{"line":190,"column":0},"end":{"line":190,"column":22}},"108":{"start":{"line":219,"column":2},"end":{"line":225,"column":null}},"109":{"start":{"line":218,"column":0},"end":{"line":218,"column":22}},"110":{"start":{"line":234,"column":8},"end":{"line":234,"column":null}},"111":{"start":{"line":235,"column":2},"end":{"line":235,"column":null}},"112":{"start":{"line":237,"column":2},"end":{"line":266,"column":null}},"113":{"start":{"line":238,"column":4},"end":{"line":265,"column":null}},"114":{"start":{"line":250,"column":10},"end":{"line":260,"column":null}},"115":{"start":{"line":251,"column":12},"end":{"line":251,"column":null}},"116":{"start":{"line":253,"column":12},"end":{"line":258,"column":null}},"117":{"start":{"line":259,"column":12},"end":{"line":259,"column":null}},"118":{"start":{"line":265,"column":18},"end":{"line":265,"column":28}},"119":{"start":{"line":228,"column":0},"end":{"line":228,"column":22}},"120":{"start":{"line":270,"column":8},"end":{"line":270,"column":null}},"121":{"start":{"line":271,"column":9},"end":{"line":271,"column":null}},"122":{"start":{"line":271,"column":13},"end":{"line":271,"column":null}},"123":{"start":{"line":273,"column":10},"end":{"line":273,"column":41}},"124":{"start":{"line":273,"column":6},"end":{"line":275,"column":null}},"125":{"start":{"line":274,"column":8},"end":{"line":274,"column":14}},"126":{"start":{"line":277,"column":6},"end":{"line":277,"column":null}},"127":{"start":{"line":279,"column":4},"end":{"line":279,"column":null}},"128":{"start":{"line":269,"column":0},"end":{"line":269,"column":22}},"129":{"start":{"line":286,"column":8},"end":{"line":296,"column":null}},"130":{"start":{"line":298,"column":8},"end":{"line":298,"column":null}},"131":{"start":{"line":300,"column":8},"end":{"line":300,"column":null}},"132":{"start":{"line":301,"column":8},"end":{"line":301,"column":null}},"133":{"start":{"line":302,"column":2},"end":{"line":302,"column":null}},"134":{"start":{"line":303,"column":2},"end":{"line":303,"column":null}},"135":{"start":{"line":304,"column":2},"end":{"line":304,"column":null}},"136":{"start":{"line":305,"column":2},"end":{"line":305,"column":null}},"137":{"start":{"line":306,"column":2},"end":{"line":306,"column":null}},"138":{"start":{"line":307,"column":2},"end":{"line":309,"column":null}},"139":{"start":{"line":310,"column":2},"end":{"line":310,"column":null}},"140":{"start":{"line":311,"column":2},"end":{"line":311,"column":null}},"141":{"start":{"line":312,"column":2},"end":{"line":316,"column":null}},"142":{"start":{"line":318,"column":19},"end":{"line":318,"column":null}},"143":{"start":{"line":318,"column":10},"end":{"line":318,"column":19}},"144":{"start":{"line":319,"column":2},"end":{"line":319,"column":null}},"145":{"start":{"line":283,"column":0},"end":{"line":283,"column":22}},"146":{"start":{"line":325,"column":8},"end":{"line":325,"column":null}},"147":{"start":{"line":327,"column":8},"end":{"line":327,"column":null}},"148":{"start":{"line":328,"column":8},"end":{"line":328,"column":null}},"149":{"start":{"line":329,"column":2},"end":{"line":329,"column":null}},"150":{"start":{"line":330,"column":2},"end":{"line":330,"column":null}},"151":{"start":{"line":331,"column":2},"end":{"line":331,"column":null}},"152":{"start":{"line":332,"column":2},"end":{"line":332,"column":null}},"153":{"start":{"line":334,"column":2},"end":{"line":336,"column":null}},"154":{"start":{"line":337,"column":2},"end":{"line":337,"column":null}},"155":{"start":{"line":338,"column":2},"end":{"line":338,"column":null}},"156":{"start":{"line":339,"column":2},"end":{"line":341,"column":null}},"157":{"start":{"line":339,"column":13},"end":{"line":339,"column":25}},"158":{"start":{"line":340,"column":4},"end":{"line":340,"column":null}},"159":{"start":{"line":343,"column":2},"end":{"line":343,"column":null}},"160":{"start":{"line":344,"column":2},"end":{"line":344,"column":null}},"161":{"start":{"line":322,"column":0},"end":{"line":322,"column":22}},"162":{"start":{"line":348,"column":2},"end":{"line":348,"column":null}},"163":{"start":{"line":347,"column":0},"end":{"line":347,"column":22}},"164":{"start":{"line":352,"column":21},"end":{"line":359,"column":null}},"165":{"start":{"line":352,"column":8},"end":{"line":359,"column":null}},"166":{"start":{"line":360,"column":2},"end":{"line":362,"column":null}},"167":{"start":{"line":361,"column":4},"end":{"line":361,"column":10}},"168":{"start":{"line":364,"column":2},"end":{"line":368,"column":null}},"169":{"start":{"line":366,"column":16},"end":{"line":366,"column":null}},"170":{"start":{"line":351,"column":0},"end":{"line":351,"column":22}},"171":{"start":{"line":371,"column":13},"end":{"line":377,"column":null}},"172":{"start":{"line":379,"column":13},"end":{"line":383,"column":null}},"173":{"start":{"line":385,"column":13},"end":{"line":389,"column":null}},"174":{"start":{"line":391,"column":30},"end":{"line":391,"column":32}},"175":{"start":{"line":394,"column":16},"end":{"line":394,"column":79}},"176":{"start":{"line":395,"column":2},"end":{"line":397,"column":null}},"177":{"start":{"line":396,"column":4},"end":{"line":396,"column":null}},"178":{"start":{"line":398,"column":18},"end":{"line":398,"column":56}},"179":{"start":{"line":399,"column":2},"end":{"line":404,"column":null}},"180":{"start":{"line":399,"column":23},"end":{"line":399,"column":28}},"181":{"start":{"line":399,"column":23},"end":{"line":399,"column":39}},"182":{"start":{"line":399,"column":19},"end":{"line":399,"column":23}},"183":{"start":{"line":400,"column":20},"end":{"line":400,"column":33}},"184":{"start":{"line":401,"column":4},"end":{"line":403,"column":null}},"185":{"start":{"line":402,"column":6},"end":{"line":402,"column":null}},"186":{"start":{"line":405,"column":2},"end":{"line":405,"column":null}},"187":{"start":{"line":393,"column":0},"end":{"line":393,"column":16}},"188":{"start":{"line":409,"column":16},"end":{"line":409,"column":77}},"189":{"start":{"line":410,"column":2},"end":{"line":412,"column":null}},"190":{"start":{"line":411,"column":4},"end":{"line":411,"column":null}},"191":{"start":{"line":413,"column":18},"end":{"line":413,"column":54}},"192":{"start":{"line":414,"column":2},"end":{"line":419,"column":null}},"193":{"start":{"line":414,"column":23},"end":{"line":414,"column":28}},"194":{"start":{"line":414,"column":23},"end":{"line":414,"column":39}},"195":{"start":{"line":414,"column":19},"end":{"line":414,"column":23}},"196":{"start":{"line":415,"column":20},"end":{"line":415,"column":33}},"197":{"start":{"line":416,"column":4},"end":{"line":418,"column":null}},"198":{"start":{"line":417,"column":6},"end":{"line":417,"column":null}},"199":{"start":{"line":420,"column":2},"end":{"line":420,"column":null}},"200":{"start":{"line":408,"column":0},"end":{"line":408,"column":16}},"201":{"start":{"line":425,"column":4},"end":{"line":425,"column":70}},"202":{"start":{"line":426,"column":2},"end":{"line":428,"column":null}},"203":{"start":{"line":427,"column":4},"end":{"line":427,"column":null}},"204":{"start":{"line":429,"column":18},"end":{"line":429,"column":59}},"205":{"start":{"line":430,"column":2},"end":{"line":435,"column":null}},"206":{"start":{"line":430,"column":23},"end":{"line":430,"column":28}},"207":{"start":{"line":430,"column":23},"end":{"line":430,"column":39}},"208":{"start":{"line":430,"column":19},"end":{"line":430,"column":23}},"209":{"start":{"line":431,"column":20},"end":{"line":431,"column":33}},"210":{"start":{"line":432,"column":4},"end":{"line":434,"column":null}},"211":{"start":{"line":433,"column":6},"end":{"line":433,"column":null}},"212":{"start":{"line":436,"column":2},"end":{"line":436,"column":null}},"213":{"start":{"line":423,"column":0},"end":{"line":423,"column":16}},"214":{"start":{"line":440,"column":27},"end":{"line":440,"column":29}},"215":{"start":{"line":441,"column":31},"end":{"line":441,"column":63}},"216":{"start":{"line":442,"column":19},"end":{"line":444,"column":null}},"217":{"start":{"line":446,"column":2},"end":{"line":455,"column":null}},"218":{"start":{"line":446,"column":19},"end":{"line":446,"column":30}},"219":{"start":{"line":446,"column":15},"end":{"line":446,"column":19}},"220":{"start":{"line":447,"column":20},"end":{"line":447,"column":37}},"221":{"start":{"line":448,"column":4},"end":{"line":454,"column":null}},"222":{"start":{"line":449,"column":6},"end":{"line":453,"column":null}},"223":{"start":{"line":456,"column":2},"end":{"line":456,"column":null}},"224":{"start":{"line":439,"column":0},"end":{"line":439,"column":16}},"225":{"start":{"line":460,"column":8},"end":{"line":460,"column":null}},"226":{"start":{"line":463,"column":21},"end":{"line":469,"column":null}},"227":{"start":{"line":463,"column":12},"end":{"line":463,"column":21}},"228":{"start":{"line":470,"column":4},"end":{"line":470,"column":null}},"229":{"start":{"line":472,"column":4},"end":{"line":476,"column":null}},"230":{"start":{"line":477,"column":4},"end":{"line":477,"column":null}},"231":{"start":{"line":480,"column":8},"end":{"line":480,"column":null}},"232":{"start":{"line":481,"column":2},"end":{"line":489,"column":null}},"233":{"start":{"line":481,"column":13},"end":{"line":481,"column":18}},"234":{"start":{"line":482,"column":4},"end":{"line":488,"column":null}},"235":{"start":{"line":487,"column":6},"end":{"line":487,"column":null}},"236":{"start":{"line":490,"column":2},"end":{"line":490,"column":null}},"237":{"start":{"line":459,"column":0},"end":{"line":459,"column":22}},"238":{"start":{"line":494,"column":27},"end":{"line":494,"column":29}},"239":{"start":{"line":495,"column":2},"end":{"line":503,"column":null}},"240":{"start":{"line":495,"column":21},"end":{"line":495,"column":24}},"241":{"start":{"line":495,"column":21},"end":{"line":495,"column":49}},"242":{"start":{"line":495,"column":17},"end":{"line":495,"column":21}},"243":{"start":{"line":496,"column":4},"end":{"line":502,"column":null}},"244":{"start":{"line":497,"column":6},"end":{"line":501,"column":null}},"245":{"start":{"line":504,"column":2},"end":{"line":504,"column":null}},"246":{"start":{"line":493,"column":0},"end":{"line":493,"column":16}},"247":{"start":{"line":508,"column":27},"end":{"line":508,"column":29}},"248":{"start":{"line":509,"column":31},"end":{"line":509,"column":66}},"249":{"start":{"line":510,"column":19},"end":{"line":512,"column":null}},"250":{"start":{"line":514,"column":2},"end":{"line":523,"column":null}},"251":{"start":{"line":514,"column":19},"end":{"line":514,"column":30}},"252":{"start":{"line":514,"column":15},"end":{"line":514,"column":19}},"253":{"start":{"line":515,"column":23},"end":{"line":515,"column":43}},"254":{"start":{"line":516,"column":4},"end":{"line":522,"column":null}},"255":{"start":{"line":517,"column":6},"end":{"line":521,"column":null}},"256":{"start":{"line":524,"column":2},"end":{"line":524,"column":null}},"257":{"start":{"line":507,"column":0},"end":{"line":507,"column":16}},"258":{"start":{"line":530,"column":10},"end":{"line":530,"column":null}},"259":{"start":{"line":530,"column":4},"end":{"line":530,"column":null}},"260":{"start":{"line":532,"column":4},"end":{"line":534,"column":null}},"261":{"start":{"line":537,"column":8},"end":{"line":537,"column":null}},"262":{"start":{"line":538,"column":8},"end":{"line":538,"column":null}},"263":{"start":{"line":540,"column":2},"end":{"line":546,"column":null}},"264":{"start":{"line":541,"column":4},"end":{"line":545,"column":null}},"265":{"start":{"line":547,"column":2},"end":{"line":549,"column":null}},"266":{"start":{"line":548,"column":4},"end":{"line":548,"column":null}},"267":{"start":{"line":551,"column":8},"end":{"line":551,"column":null}},"268":{"start":{"line":552,"column":2},"end":{"line":552,"column":null}},"269":{"start":{"line":554,"column":2},"end":{"line":562,"column":null}},"270":{"start":{"line":554,"column":13},"end":{"line":554,"column":21}},"271":{"start":{"line":555,"column":4},"end":{"line":561,"column":null}},"272":{"start":{"line":556,"column":6},"end":{"line":560,"column":null}},"273":{"start":{"line":564,"column":8},"end":{"line":567,"column":null}},"274":{"start":{"line":568,"column":2},"end":{"line":587,"column":null}},"275":{"start":{"line":568,"column":13},"end":{"line":568,"column":19}},"276":{"start":{"line":569,"column":10},"end":{"line":569,"column":null}},"277":{"start":{"line":570,"column":4},"end":{"line":576,"column":null}},"278":{"start":{"line":571,"column":6},"end":{"line":575,"column":null}},"279":{"start":{"line":577,"column":10},"end":{"line":577,"column":null}},"280":{"start":{"line":578,"column":4},"end":{"line":586,"column":null}},"281":{"start":{"line":579,"column":6},"end":{"line":585,"column":null}},"282":{"start":{"line":589,"column":2},"end":{"line":589,"column":16}},"283":{"start":{"line":589,"column":2},"end":{"line":589,"column":8}},"284":{"start":{"line":589,"column":17},"end":{"line":589,"column":57}},"285":{"start":{"line":589,"column":2},"end":{"line":589,"column":58}},"286":{"start":{"line":591,"column":2},"end":{"line":593,"column":null}},"287":{"start":{"line":592,"column":4},"end":{"line":592,"column":null}},"288":{"start":{"line":594,"column":2},"end":{"line":594,"column":null}},"289":{"start":{"line":527,"column":0},"end":{"line":527,"column":22}},"290":{"start":{"line":600,"column":21},"end":{"line":606,"column":null}},"291":{"start":{"line":600,"column":12},"end":{"line":600,"column":21}},"292":{"start":{"line":607,"column":4},"end":{"line":607,"column":null}},"293":{"start":{"line":609,"column":4},"end":{"line":613,"column":null}},"294":{"start":{"line":614,"column":4},"end":{"line":614,"column":null}},"295":{"start":{"line":617,"column":8},"end":{"line":617,"column":null}},"296":{"start":{"line":617,"colum
[...]
nd":{"line":211,"column":null}}]},"29":{"loc":{"start":{"line":203,"column":15},"end":{"line":203,"column":46}},"type":"binary-expr","locations":[{"start":{"line":203,"column":15},"end":{"line":203,"column":37}},{"start":{"line":203,"column":41},"end":{"line":203,"column":46}}]},"30":{"loc":{"start":{"line":206,"column":11},"end":{"line":211,"column":null}},"type":"if","locations":[{"start":{"line":206,"column":11},"end":{"line":211,"column":null}},{"start":{"line":209,"column":11},"end":{"line":211,"column":null}}]},"31":{"loc":{"start":{"line":206,"column":15},"end":{"line":206,"column":39}},"type":"binary-expr","locations":[{"start":{"line":206,"column":15},"end":{"line":206,"column":30}},{"start":{"line":206,"column":34},"end":{"line":206,"column":39}}]},"32":{"loc":{"start":{"line":220,"column":4},"end":{"line":231,"column":null}},"type":"if","locations":[{"start":{"line":220,"column":4},"end":{"line":231,"column":null}},{"start":{"line":226,"column":11},"end":{"line":231,"column":null}}]},"33":{"loc":{"start":{"line":223,"column":16},"end":{"line":223,"column":62}},"type":"cond-expr","locations":[{"start":{"line":223,"column":22},"end":{"line":223,"column":24}},{"start":{"line":223,"column":22},"end":{"line":223,"column":62}}]},"34":{"loc":{"start":{"line":223,"column":16},"end":{"line":223,"column":24}},"type":"binary-expr","locations":[{"start":{"line":223,"column":16},"end":{"line":223,"column":24}},{"start":{"line":223,"column":22},"end":{"line":223,"column":24}}]},"35":{"loc":{"start":{"line":226,"column":11},"end":{"line":231,"column":null}},"type":"if","locations":[{"start":{"line":226,"column":11},"end":{"line":231,"column":null}},{"start":{"line":229,"column":11},"end":{"line":231,"column":null}}]},"36":{"loc":{"start":{"line":226,"column":15},"end":{"line":226,"column":41}},"type":"binary-expr","locations":[{"start":{"line":226,"column":15},"end":{"line":226,"column":32}},{"start":{"line":226,"column":36},"end":{"line":226,"column":41}}]},"37":{"loc":{"start":{"line":239,"column":2},"end":{"line":243,"column":null}},"type":"if","locations":[{"start":{"line":239,"column":2},"end":{"line":243,"column":null}}]},"38":{"loc":{"start":{"line":239,"column":6},"end":{"line":239,"column":61}},"type":"binary-expr","locations":[{"start":{"line":239,"column":6},"end":{"line":239,"column":32}},{"start":{"line":239,"column":32},"end":{"line":239,"column":61}}]},"39":{"loc":{"start":{"line":239,"column":7},"end":{"line":239,"column":28}},"type":"cond-expr","locations":[{"start":{"line":239,"column":20},"end":{"line":239,"column":22}},{"start":{"line":239,"column":20},"end":{"line":239,"column":28}}]},"40":{"loc":{"start":{"line":239,"column":7},"end":{"line":239,"column":22}},"type":"binary-expr","locations":[{"start":{"line":239,"column":7},"end":{"line":239,"column":22}},{"start":{"line":239,"column":20},"end":{"line":239,"column":22}}]},"41":{"loc":{"start":{"line":239,"column":33},"end":{"line":239,"column":59}},"type":"cond-expr","locations":[{"start":{"line":239,"column":46},"end":{"line":239,"column":48}},{"start":{"line":239,"column":46},"end":{"line":239,"column":59}}]},"42":{"loc":{"start":{"line":239,"column":33},"end":{"line":239,"column":48}},"type":"binary-expr","locations":[{"start":{"line":239,"column":33},"end":{"line":239,"column":48}},{"start":{"line":239,"column":46},"end":{"line":239,"column":48}}]},"43":{"loc":{"start":{"line":244,"column":2},"end":{"line":251,"column":null}},"type":"if","locations":[{"start":{"line":244,"column":2},"end":{"line":251,"column":null}}]},"44":{"loc":{"start":{"line":244,"column":6},"end":{"line":244,"column":18}},"type":"cond-expr","locations":[{"start":{"line":244,"column":10},"end":{"line":244,"column":12}},{"start":{"line":244,"column":6},"end":{"line":244,"column":18}}]},"45":{"loc":{"start":{"line":244,"column":6},"end":{"line":244,"column":12}},"type":"binary-expr","locations":[{"start":{"line":244,"column":6},"end":{"line":244,"column":12}},{"start":{"line":244,"column":6},"end":{"line":244,"column":12}}]},"46":{"loc":{"start":{"line":246,"column":6},"end":{"line":248,"column":null}},"type":"if","locations":[{"start":{"line":246,"column":6},"end":{"line":248,"column":null}}]},"47":{"loc":{"start":{"line":246,"column":10},"end":{"line":246,"column":38}},"type":"cond-expr","locations":[{"start":{"line":246,"column":31},"end":{"line":246,"column":34}},{"start":{"line":246,"column":31},"end":{"line":246,"column":38}}]},"48":{"loc":{"start":{"line":246,"column":10},"end":{"line":246,"column":34}},"type":"binary-expr","locations":[{"start":{"line":246,"column":10},"end":{"line":246,"column":34}},{"start":{"line":246,"column":31},"end":{"line":246,"column":34}}]},"49":{"loc":{"start":{"line":246,"column":10},"end":{"line":246,"column":31}},"type":"cond-expr","locations":[{"start":{"line":246,"column":23},"end":{"line":246,"column":25}},{"start":{"line":246,"column":23},"end":{"line":246,"column":31}}]},"50":{"loc":{"start":{"line":246,"column":10},"end":{"line":246,"column":25}},"type":"binary-expr","locations":[{"start":{"line":246,"column":10},"end":{"line":246,"column":25}},{"start":{"line":246,"column":23},"end":{"line":246,"column":25}}]},"51":{"loc":{"start":{"line":253,"column":2},"end":{"line":262,"column":null}},"type":"if","locations":[{"start":{"line":253,"column":2},"end":{"line":262,"column":null}}]},"52":{"loc":{"start":{"line":253,"column":6},"end":{"line":253,"column":23}},"type":"cond-expr","locations":[{"start":{"line":253,"column":10},"end":{"line":253,"column":12}},{"start":{"line":253,"column":6},"end":{"line":253,"column":23}}]},"53":{"loc":{"start":{"line":253,"column":6},"end":{"line":253,"column":12}},"type":"binary-expr","locations":[{"start":{"line":253,"column":6},"end":{"line":253,"column":12}},{"start":{"line":253,"column":6},"end":{"line":253,"column":12}}]},"54":{"loc":{"start":{"line":255,"column":6},"end":{"line":259,"column":null}},"type":"if","locations":[{"start":{"line":255,"column":6},"end":{"line":259,"column":null}}]},"55":{"loc":{"start":{"line":255,"column":10},"end":{"line":255,"column":43}},"type":"cond-expr","locations":[{"start":{"line":255,"column":36},"end":{"line":255,"column":39}},{"start":{"line":255,"column":36},"end":{"line":255,"column":43}}]},"56":{"loc":{"start":{"line":255,"column":10},"end":{"line":255,"column":39}},"type":"binary-expr","locations":[{"start":{"line":255,"column":10},"end":{"line":255,"column":39}},{"start":{"line":255,"column":36},"end":{"line":255,"column":39}}]},"57":{"loc":{"start":{"line":255,"column":10},"end":{"line":255,"column":36}},"type":"cond-expr","locations":[{"start":{"line":255,"column":23},"end":{"line":255,"column":25}},{"start":{"line":255,"column":23},"end":{"line":255,"column":36}}]},"58":{"loc":{"start":{"line":255,"column":10},"end":{"line":255,"column":25}},"type":"binary-expr","locations":[{"start":{"line":255,"column":10},"end":{"line":255,"column":25}},{"start":{"line":255,"column":23},"end":{"line":255,"column":25}}]},"59":{"loc":{"start":{"line":267,"column":2},"end":{"line":269,"column":null}},"type":"if","locations":[{"start":{"line":267,"column":2},"end":{"line":269,"column":null}}]},"60":{"loc":{"start":{"line":271,"column":2},"end":{"line":273,"column":null}},"type":"if","locations":[{"start":{"line":271,"column":2},"end":{"line":273,"column":null}}]},"61":{"loc":{"start":{"line":271,"column":6},"end":{"line":271,"column":37}},"type":"binary-expr","locations":[{"start":{"line":271,"column":6},"end":{"line":271,"column":10}},{"start":{"line":271,"column":14},"end":{"line":271,"column":37}}]},"62":{"loc":{"start":{"line":281,"column":12},"end":{"line":281,"column":null}},"type":"binary-expr","locations":[{"start":{"line":281,"column":12},"end":{"line":281,"column":20}},{"start":{"line":281,"column":12},"end":{"line":281,"column":null}}]},"63":{"loc":{"start":{"line":291,"column":17},"end":{"line":291,"column":27}},"type":"binary-expr","locations":[{"start":{"line":291,"column":17},"end":{"line":291,"column":21}},{"start":{"line":291,"column":25},"end":{"line":291,"column":27}}]},"64":{"loc":{"start":{"line":292,"column":2},"end":{"line":294,"column":null}},"type":"if","locations":[{"start":{"line":292,"column":2},"end":{"line":294,"column":null}}]},"65":{"loc":{"start":{"line":292,"column":7},"end":{"line":292,"column":19}},"type":"cond-expr","locations":[{"start":{"line":292,"column":11},"end":{"line":292,"column":13}},{"start":{"line":292,"column":7},"end":{"line":292,"column":19}}]},"66":{"loc":{"start":{"line":292,"column":7},"end":{"line":292,"column":13}},"type":"binary-expr","locations":[{"start":{"line":292,"column":7},"end":{"line":292,"column":13}},{"start":{"line":292,"column":7},"end":{"line":292,"column":13}}]}},"s":{"0":1,"1":1,"2":1,"3":1,"4":1,"5":1,"6":1,"7":1,"8":1,"9":1,"10":1,"11":1,"12":6,"13":3,"14":6,"15":3,"16":3,"17":3,"18":0,"19":0,"20":0,"21":0,"22":3,"23":0,"24":3,"25":3,"26":3,"27":0,"28":0,"29":0,"30":0,"31":0,"32":0,"33":0,"34":0,"35":0,"36":0,"37":0,"38":1,"39":0,"40":0,"41":0,"42":0,"43":0,"44":0,"45":0,"46":0,"47":0,"48":0,"49":0,"50":0,"51":0,"52":0,"53":0,"54":0,"55":0,"56":0,"57":0,"58":0,"59":0,"60":0,"61":1,"62":0,"63":0,"64":0,"65":0,"66":0,"67":1,"68":0,"69":0,"70":0,"71":0,"72":0,"73":0,"74":0,"75":0,"76":0,"77":0,"78":0,"79":0,"80":0,"81":0,"82":0,"83":0,"84":0,"85":0,"86":0,"87":0,"88":0,"89":0,"90":0,"91":1,"92":0,"93":0,"94":0,"95":0,"96":0,"97":0,"98":0,"99":0,"100":0,"101":0,"102":0,"103":0,"104":0,"105":1,"106":0,"107":0,"108":0,"109":0,"110":0,"111":0,"112":0,"113":0,"114":0,"115":0,"116":0,"117":0,"118":0,"119":0,"120":0,"121":0,"122":0,"123":0,"124":0,"125":0,"126":0,"127":0,"128":1,"129":3,"130":3,"131":3,"132":0,"133":0,"134":0,"135":0,"136":1,"137":0,"138":1,"139":1,"140":1,"141":1,"142":1,"143":1,"144":1,"145":1,"146":0,"147":0,"148":0,"149":0,"150":0,"151":3,"152":1},"f":{"0":3,"1":0,"2":0,"3":0,"4":0,"5":0,"6":0,"7":3,"8":0,"9":1,"10":0,"11":3},"b":{"0":[3],"1":[0],"2":[3],"3":[0],"4":[0],"5":[3],"6":[0,3],"7":[3,3],"8":[0,0],"9":[0],"10":[0],"11":[0,0],"12":[0,0],"13":[0,0],"14":[0],"15":[0,0],"16":[0],"17":[0,0,0,0],"18":[0,0],"19":[0,0],"20":[0,0],"21":[0,0],"22":[0,0],"23":[0],"24":[0,0],"25":[0],"26":[0,0],"27":[0,0],"28":[0,0],"29":[0,0],"30":[0,0],"31":[0,0],"32":[0,0],"33":[0,0],"34":[0,0],"35":[0,0],"36":[0,0],"37":[0],"38":[0,0],"39":[0,0],"40":[0,0],"41":[0,0],"42":[0,0],"43":[0],"44":[0,0],"45":[0,0],"46":[0],"47":[0,0],"48":[0,0],"49":[0,0],"50":[0,0],"51":[0],"52":[0,0],"53":[0,0],"54":[0],"55":[0,0],"56":[0,0],"57":[0,0],"58":[0,0],"59":[3],"60":[0],"61":[0,0],"62":[1,1],"63":[0,0],"64":[0],"65":[0,0],"66":[0,0]}}
,"/__w/backlog/backlog/work/runner-container-hooks/packages/k8s/tests/test-setup.ts": {"path":"/__w/backlog/backlog/work/runner-container-hooks/packages/k8s/tests/test-setup.ts","statementMap":{"0":{"start":{"line":1,"column":0},"end":{"line":1,"column":46}},"1":{"start":{"line":2,"column":0},"end":{"line":2,"column":24}},"2":{"start":{"line":4,"column":0},"end":{"line":4,"column":28}},"3":{"start":{"line":5,"column":0},"end":{"line":5,"column":35}},"4":{"start":{"line":7,"column":11},"end":{"line":7,"column":31}},"5":{"start":{"line":9,"column":0},"end":{"line":9,"column":null}},"6":{"start":{"line":11,"column":15},"end":{"line":11,"column":46}},"7":{"start":{"line":12,"column":22},"end":{"line":12,"column":56}},"8":{"start":{"line":14,"column":0},"end":{"line":14,"column":13}},"9":{"start":{"line":18,"column":4},"end":{"line":18,"column":null}},"10":{"start":{"line":19,"column":4},"end":{"line":19,"column":null}},"11":{"start":{"line":22,"column":15},"end":{"line":45,"column":null}},"12":{"start":{"line":23,"column":4},"end":{"line":23,"column":null}},"13":{"start":{"line":24,"column":4},"end":{"line":24,"column":null}},"14":{"start":{"line":25,"column":4},"end":{"line":25,"column":null}},"15":{"start":{"line":26,"column":4},"end":{"line":26,"column":null}},"16":{"start":{"line":27,"column":4},"end":{"line":27,"column":null}},"17":{"start":{"line":29,"column":4},"end":{"line":29,"column":null}},"18":{"start":{"line":30,"column":4},"end":{"line":30,"column":null}},"19":{"start":{"line":31,"column":4},"end":{"line":31,"column":null}},"20":{"start":{"line":33,"column":4},"end":{"line":36,"column":null}},"21":{"start":{"line":38,"column":4},"end":{"line":38,"column":null}},"22":{"start":{"line":40,"column":6},"end":{"line":40,"column":null}},"23":{"start":{"line":41,"column":6},"end":{"line":41,"column":null}},"24":{"start":{"line":43,"column":6},"end":{"line":43,"column":null}},"25":{"start":{"line":47,"column":15},"end":{"line":52,"column":null}},"26":{"start":{"line":49,"column":6},"end":{"line":49,"column":null}},"27":{"start":{"line":50,"column":6},"end":{"line":50,"column":null}},"28":{"start":{"line":53,"column":15},"end":{"line":77,"column":null}},"29":{"start":{"line":54,"column":4},"end":{"line":62,"column":null}},"30":{"start":{"line":63,"column":4},"end":{"line":63,"column":null}},"31":{"start":{"line":64,"column":4},"end":{"line":64,"column":null}},"32":{"start":{"line":65,"column":4},"end":{"line":67,"column":null}},"33":{"start":{"line":68,"column":4},"end":{"line":76,"column":null}},"34":{"start":{"line":78,"column":9},"end":{"line":82,"column":null}},"35":{"start":{"line":79,"column":21},"end":{"line":79,"column":66}},"36":{"start":{"line":80,"column":4},"end":{"line":80,"column":null}},"37":{"start":{"line":81,"column":4},"end":{"line":81,"column":null}},"38":{"start":{"line":84,"column":9},"end":{"line":87,"column":null}},"39":{"start":{"line":85,"column":21},"end":{"line":85,"column":54}},"40":{"start":{"line":86,"column":4},"end":{"line":86,"column":null}},"41":{"start":{"line":89,"column":15},"end":{"line":106,"column":null}},"42":{"start":{"line":90,"column":10},"end":{"line":94,"column":null}},"43":{"start":{"line":96,"column":10},"end":{"line":104,"column":null}},"44":{"start":{"line":105,"column":4},"end":{"line":105,"column":null}},"45":{"start":{"line":108,"column":15},"end":{"line":152,"column":null}},"46":{"start":{"line":109,"column":8},"end":{"line":115,"column":null}},"47":{"start":{"line":116,"column":4},"end":{"line":116,"column":null}},"48":{"start":{"line":118,"column":8},"end":{"line":133,"column":null}},"49":{"start":{"line":134,"column":4},"end":{"line":134,"column":null}},"50":{"start":{"line":135,"column":8},"end":{"line":150,"column":null}},"51":{"start":{"line":151,"column":4},"end":{"line":151,"column":null}},"52":{"start":{"line":154,"column":9},"end":{"line":169,"column":null}},"53":{"start":{"line":155,"column":23},"end":{"line":159,"column":null}},"54":{"start":{"line":162,"column":4},"end":{"line":162,"column":null}},"55":{"start":{"line":163,"column":4},"end":{"line":163,"column":null}},"56":{"start":{"line":164,"column":4},"end":{"line":166,"column":null}},"57":{"start":{"line":165,"column":6},"end":{"line":165,"column":null}},"58":{"start":{"line":168,"column":4},"end":{"line":168,"column":null}},"59":{"start":{"line":171,"column":9},"end":{"line":181,"column":null}},"60":{"start":{"line":172,"column":26},"end":{"line":176,"column":null}},"61":{"start":{"line":179,"column":4},"end":{"line":179,"column":null}},"62":{"start":{"line":180,"column":4},"end":{"line":180,"column":null}},"63":{"start":{"line":183,"column":9},"end":{"line":195,"column":null}},"64":{"start":{"line":184,"column":29},"end":{"line":188,"column":null}},"65":{"start":{"line":191,"column":4},"end":{"line":191,"column":null}},"66":{"start":{"line":192,"column":4},"end":{"line":192,"column":null}},"67":{"start":{"line":193,"column":4},"end":{"line":193,"column":null}},"68":{"start":{"line":194,"column":4},"end":{"line":194,"column":null}},"69":{"start":{"line":196,"column":0},"end":{"line":196,"column":null}},"70":{"start":{"line":14,"column":13},"end":{"line":14,"column":23}}},"fnMap":{"0":{"name":"(anonymous_19)","decl":{"start":{"line":14,"column":0},"end":{"line":14,"column":13}},"loc":{"start":{"line":14,"column":0},"end":{"line":196,"column":null}}},"1":{"name":"TestHelper","decl":{"start":{"line":17,"column":2},"end":{"line":17,"column":null}},"loc":{"start":{"line":17,"column":2},"end":{"line":20,"column":3}}},"2":{"name":"(anonymous_21)","decl":{"start":{"line":22,"column":2},"end":{"line":22,"column":15}},"loc":{"start":{"line":22,"column":2},"end":{"line":45,"column":null}}},"3":{"name":"(anonymous_24)","decl":{"start":{"line":47,"column":2},"end":{"line":47,"column":15}},"loc":{"start":{"line":47,"column":2},"end":{"line":52,"column":null}}},"4":{"name":"(anonymous_27)","decl":{"start":{"line":53,"column":2},"end":{"line":53,"column":15}},"loc":{"start":{"line":53,"column":2},"end":{"line":77,"column":null}}},"5":{"name":"(anonymous_30)","decl":{"start":{"line":62,"column":13},"end":{"line":62,"column":14}},"loc":{"start":{"line":62,"column":14},"end":{"line":62,"column":20}}},"6":{"name":"(anonymous_31)","decl":{"start":{"line":63,"column":68},"end":{"line":63,"column":69}},"loc":{"start":{"line":63,"column":69},"end":{"line":63,"column":75}}},"7":{"name":"(anonymous_32)","decl":{"start":{"line":64,"column":66},"end":{"line":64,"column":67}},"loc":{"start":{"line":64,"column":67},"end":{"line":64,"column":73}}},"8":{"name":"(anonymous_33)","decl":{"start":{"line":67,"column":13},"end":{"line":67,"column":14}},"loc":{"start":{"line":67,"column":14},"end":{"line":67,"column":20}}},"9":{"name":"(anonymous_34)","decl":{"start":{"line":76,"column":13},"end":{"line":76,"column":14}},"loc":{"start":{"line":76,"column":14},"end":{"line":76,"column":20}}},"10":{"name":"(anonymous_35)","decl":{"start":{"line":78,"column":2},"end":{"line":78,"column":9}},"loc":{"start":{"line":78,"column":37},"end":{"line":82,"column":3}}},"11":{"name":"(anonymous_36)","decl":{"start":{"line":84,"column":2},"end":{"line":84,"column":9}},"loc":{"start":{"line":84,"column":36},"end":{"line":87,"column":3}}},"12":{"name":"(anonymous_37)","decl":{"start":{"line":89,"column":2},"end":{"line":89,"column":15}},"loc":{"start":{"line":89,"column":2},"end":{"line":106,"column":null}}},"13":{"name":"(anonymous_40)","decl":{"start":{"line":108,"column":2},"end":{"line":108,"column":15}},"loc":{"start":{"line":108,"column":2},"end":{"line":152,"column":null}}},"14":{"name":"(anonymous_43)","decl":{"start":{"line":154,"column":2},"end":{"line":154,"column":9}},"loc":{"start":{"line":154,"column":2},"end":{"line":169,"column":3}}},"15":{"name":"(anonymous_44)","decl":{"start":{"line":164,"column":37},"end":{"line":164,"column":38}},"loc":{"start":{"line":164,"column":38},"end":{"line":166,"column":5}}},"16":{"name":"(anonymous_45)","decl":{"start":{"line":171,"column":2},"end":{"line":171,"column":9}},"loc":{"start":{"line":171,"column":2},"end":{"line":181,"column":3}}},"17":{"name":"(anonymous_46)","decl":{"start":{"line":183,"column":2},"end":{"line":183,"column":9}},"loc":{"start":{"line":183,"column":2},"end":{"line":195,"column":3}}}},"branchMap":{"0":{"loc":{"start":{"line":54,"column":4},"end":{"line":62,"column":null}},"type":"switch","locations":[{"start":{"line":54,"column":4},"end":{"line":62,"column":null}}]},"1":{"loc":{"start":{"line":79,"column":44},"end":{"line":79,"column":64}},"type":"binary-expr","locations":[{"start":{"line":79,"column":44},"end":{"line":79,"column":52}},{"start":{"line":79,"column":56},"end":{"line":79,"column":64}}]}},"s":{"0":1,"1":1,"2":1,"3":1,"4":1,"5":1,"6":1,"7":1,"8":1,"9":0,"10":0,"11":1,"12":0,"13":0,"14":0,"15":0,"16":0,"17":0,"18":0,"19":0,"20":0,"21":0,"22":0,"23":0,"24":0,"25":1,"26":0,"27":0,"28":1,"29":0,"30":0,"31":0,"32":0,"33":0,"34":1,"35":0,"36":0,"37":0,"38":1,"39":0,"40":0,"41":1,"42":0,"43":0,"44":0,"45":1,"46":0,"47":0,"48":0,"49":0,"50":0,"51":0,"52":1,"53":0,"54":0,"55":0,"56":0,"57":0,"58":0,"59":1,"60":0,"61":0,"62":0,"63":1,"64":0,"65":0,"66":0,"67":0,"68":0,"69":1,"70":1},"f":{"0":1,"1":0,"2":0,"3":0,"4":0,"5":0,"6":0,"7":0,"8":0,"9":0,"10":0,"11":0,"12":0,"13":0,"14":0,"15":0,"16":0,"17":0},"b":{"0":[0],"1":[0,0]}}
}
