TN:
SF:src/hooks/cleanup-job.ts
FN:3,cleanupJob
FNF:1
FNH:0
FNDA:0,cleanupJob
DA:1,1
DA:3,1
DA:4,0
LF:3
LH:2
BRDA:4,0,0,0
BRF:1
BRH:0
end_of_record
TN:
SF:src/hooks/constants.ts
FN:3,getRunnerPodName
FN:13,getJobPodName
FN:20,getStepPodName
FN:27,getVolumeClaimName
FN:35,getSecretName
FN:48,(anonymous_5)
FN:50,RunnerInstanceLabel
FN:54,(anonymous_7)
FN:58,(anonymous_8)
FN:62,(anonymous_9)
FNF:10
FNH:1
FNDA:0,getRunnerPodName
FNDA:0,getJobPodName
FNDA:0,getStepPodName
FNDA:0,getVolumeClaimName
FNDA:0,getSecretName
FNDA:1,(anonymous_5)
FNDA:0,RunnerInstanceLabel
FNDA:0,(anonymous_7)
FNDA:0,(anonymous_8)
FNDA:0,(anonymous_9)
DA:1,1
DA:3,1
DA:4,0
DA:5,0
DA:6,0
DA:10,0
DA:13,1
DA:14,0
DA:20,1
DA:21,0
DA:27,1
DA:28,0
DA:29,0
DA:30,0
DA:32,0
DA:35,1
DA:36,0
DA:42,1
DA:43,1
DA:44,1
DA:45,1
DA:46,1
DA:48,1
DA:51,0
DA:54,1
DA:55,0
DA:58,1
DA:59,0
DA:62,1
DA:63,0
DA:65,1
LF:31
LH:16
BRDA:5,0,0,0
BRDA:29,1,0,0
BRF:2
BRH:0
end_of_record
TN:
SF:src/hooks/index.ts
FNF:0
FNH:0
DA:1,1
DA:2,1
DA:3,1
DA:4,1
LF:4
LH:4
BRF:0
BRH:0
end_of_record
TN:
SF:src/hooks/prepare-job.ts
FN:31,prepareJob
FN:57,(anonymous_23)
FN:130,generateResponseFile
FN:148,(anonymous_25)
FN:167,(anonymous_26)
FN:170,(anonymous_27)
FN:171,(anonymous_28)
FN:189,copyExternalsToRoot
FN:200,createContainerSpec
FN:259,(anonymous_33)
FNF:10
FNH:3
FNDA:3,prepareJob
FNDA:0,(anonymous_23)
FNDA:0,generateResponseFile
FNDA:0,(anonymous_25)
FNDA:0,(anonymous_26)
FNDA:0,(anonymous_27)
FNDA:0,(anonymous_28)
FNDA:3,copyExternalsToRoot
FNDA:3,createContainerSpec
FNDA:0,(anonymous_33)
DA:1,1
DA:2,1
DA:4,1
DA:10,1
DA:11,1
DA:19,1
DA:29,1
DA:31,1
DA:35,3
DA:36,0
DA:39,6
DA:41,3
DA:42,6
DA:44,3
DA:45,3
DA:46,3
DA:47,3
DA:55,3
DA:56,3
DA:57,0
DA:58,0
DA:59,0
DA:68,3
DA:69,0
DA:72,3
DA:74,3
DA:81,0
DA:82,0
DA:83,0
DA:84,0
DA:87,3
DA:88,0
DA:90,3
DA:95,6
DA:103,6
DA:105,2
DA:107,3
DA:108,3
DA:111,0
DA:113,0
DA:115,0
DA:120,0
DA:123,0
DA:124,0
DA:126,0
DA:127,0
DA:136,0
DA:137,0
DA:139,0
DA:147,0
DA:148,0
DA:150,0
DA:151,0
DA:152,0
DA:153,0
DA:154,0
DA:159,0
DA:165,0
DA:167,0
DA:169,0
DA:170,0
DA:172,0
DA:173,0
DA:174,0
DA:175,0
DA:179,0
DA:186,0
DA:190,3
DA:191,6
DA:192,0
DA:200,1
DA:203,3
DA:206,3
DA:207,3
DA:208,3
DA:211,3
DA:216,3
DA:217,0
DA:220,3
DA:221,3
DA:224,3
DA:225,3
DA:228,3
DA:229,3
DA:232,0
DA:233,0
DA:237,3
DA:242,3
DA:243,3
DA:249,3
DA:254,3
DA:255,3
DA:258,0
DA:259,0
DA:262,0
DA:263,0
DA:266,0
LF:97
LH:49
BRDA:35,0,0,0
BRDA:45,1,0,3
BRDA:45,2,0,0
BRDA:45,2,1,3
BRDA:45,3,0,3
BRDA:45,3,1,3
BRDA:56,4,0,0
BRDA:56,5,0,0
BRDA:56,5,1,3
BRDA:56,6,0,3
BRDA:56,6,1,3
BRDA:68,7,0,0
BRDA:68,8,0,3
BRDA:68,8,1,0
BRDA:68,9,0,0
BRDA:68,9,1,0
BRDA:68,10,0,0
BRDA:68,10,1,0
BRDA:83,11,0,0
BRDA:83,11,1,0
BRDA:83,12,0,0
BRDA:83,12,1,0
BRDA:83,13,0,0
BRDA:83,13,1,0
BRDA:83,14,0,0
BRDA:83,14,1,0
BRDA:83,15,0,0
BRDA:83,15,1,0
BRDA:83,16,0,0
BRDA:83,16,1,0
BRDA:83,17,0,0
BRDA:83,17,1,0
BRDA:87,18,0,0
BRDA:87,19,0,0
BRDA:87,19,1,3
BRDA:87,20,0,3
BRDA:87,20,1,3
BRDA:87,21,0,0
BRDA:87,21,1,3
BRDA:87,22,0,3
BRDA:87,22,1,3
BRDA:91,23,0,0
BRDA:91,23,1,3
BRDA:91,24,0,3
BRDA:91,24,1,3
BRDA:91,25,0,0
BRDA:91,25,1,3
BRDA:91,26,0,3
BRDA:91,26,1,3
BRDA:105,27,0,2
BRDA:105,27,1,0
BRDA:107,28,0,3
BRDA:107,28,1,0
BRDA:123,29,0,0
BRDA:123,29,1,0
BRDA:123,30,0,0
BRDA:123,30,1,0
BRDA:123,31,0,0
BRDA:123,31,1,0
BRDA:123,32,0,0
BRDA:123,32,1,0
BRDA:123,33,0,0
BRDA:123,33,1,0
BRDA:123,34,0,0
BRDA:123,34,1,0
BRDA:123,35,0,0
BRDA:123,35,1,0
BRDA:136,36,0,0
BRDA:136,37,0,0
BRDA:136,37,1,0
BRDA:136,38,0,0
BRDA:136,38,1,0
BRDA:147,39,0,0
BRDA:147,39,1,0
BRDA:147,40,0,0
BRDA:147,40,1,0
BRDA:147,41,0,0
BRDA:147,41,1,0
BRDA:147,42,0,0
BRDA:147,42,1,0
BRDA:150,43,0,0
BRDA:152,44,0,0
BRDA:152,45,0,0
BRDA:152,45,1,0
BRDA:152,46,0,0
BRDA:152,46,1,0
BRDA:165,47,0,0
BRDA:165,48,0,0
BRDA:165,48,1,0
BRDA:165,49,0,0
BRDA:165,49,1,0
BRDA:167,50,0,0
BRDA:167,50,1,0
BRDA:167,51,0,0
BRDA:167,51,1,0
BRDA:167,52,0,0
BRDA:167,52,1,0
BRDA:169,53,0,0
BRDA:169,53,1,0
BRDA:169,54,0,0
BRDA:169,54,1,0
BRDA:169,55,0,0
BRDA:169,55,1,0
BRDA:169,56,0,0
BRDA:169,56,1,0
BRDA:169,57,0,0
BRDA:169,57,1,0
BRDA:169,58,0,0
BRDA:169,58,1,0
BRDA:173,59,0,0
BRDA:173,60,0,0
BRDA:173,60,1,0
BRDA:173,61,0,0
BRDA:173,61,1,0
BRDA:191,62,0,3
BRDA:203,63,0,0
BRDA:206,64,0,3
BRDA:206,65,0,3
BRDA:206,65,1,3
BRDA:216,66,0,0
BRDA:220,67,0,3
BRDA:224,68,0,3
BRDA:224,69,0,0
BRDA:224,69,1,3
BRDA:224,70,0,3
BRDA:224,70,1,3
BRDA:232,71,0,0
BRDA:232,72,0,0
BRDA:232,72,1,0
BRDA:242,73,0,3
BRDA:254,74,0,3
BRDA:258,75,0,0
BRDA:258,75,1,0
BRDA:258,76,0,0
BRDA:258,76,1,0
BRDA:258,77,0,0
BRDA:258,77,1,0
BRDA:258,78,0,0
BRDA:258,78,1,0
BRDA:262,79,0,0
BRF:140
BRH:33
end_of_record
TN:
SF:src/hooks/run-container-step.ts
FN:25,runContainerStep
FN:129,createContainerSpec
FN:162,(anonymous_23)
FNF:3
FNH:0
FNDA:0,runContainerStep
FNDA:0,createContainerSpec
FNDA:0,(anonymous_23)
DA:1,1
DA:2,1
DA:4,1
DA:16,1
DA:23,1
DA:25,1
DA:28,0
DA:29,0
DA:32,0
DA:33,0
DA:35,0
DA:38,0
DA:39,0
DA:40,0
DA:42,0
DA:44,0
DA:45,0
DA:46,0
DA:50,0
DA:52,0
DA:53,0
DA:57,0
DA:59,0
DA:60,0
DA:61,0
DA:64,0
DA:65,0
DA:71,0
DA:75,0
DA:77,0
DA:78,0
DA:79,0
DA:82,0
DA:92,0
DA:94,0
DA:96,0
DA:97,0
DA:100,0
DA:101,0
DA:102,0
DA:104,0
DA:105,0
DA:110,0
DA:113,0
DA:114,0
DA:115,0
DA:116,0
DA:117,0
DA:120,0
DA:123,0
DA:126,0
DA:134,0
DA:135,0
DA:136,0
DA:137,0
DA:138,0
DA:141,0
DA:145,0
DA:146,0
DA:155,0
DA:157,0
DA:158,0
DA:161,0
DA:162,0
DA:164,0
DA:165,0
DA:168,0
LF:67
LH:6
BRDA:82,0,0,0
BRDA:28,1,0,0
BRDA:33,2,0,0
BRDA:39,3,0,0
BRDA:45,4,0,0
BRDA:45,4,1,0
BRDA:45,5,0,0
BRDA:45,5,1,0
BRDA:45,6,0,0
BRDA:45,6,1,0
BRDA:45,7,0,0
BRDA:45,7,1,0
BRDA:45,8,0,0
BRDA:45,8,1,0
BRDA:45,9,0,0
BRDA:45,9,1,0
BRDA:45,10,0,0
BRDA:45,10,1,0
BRDA:60,11,0,0
BRDA:60,11,1,0
BRDA:60,12,0,0
BRDA:60,12,1,0
BRDA:60,13,0,0
BRDA:60,13,1,0
BRDA:60,14,0,0
BRDA:60,14,1,0
BRDA:60,15,0,0
BRDA:60,15,1,0
BRDA:60,16,0,0
BRDA:60,16,1,0
BRDA:60,17,0,0
BRDA:60,17,1,0
BRDA:64,18,0,0
BRDA:64,19,0,0
BRDA:64,19,1,0
BRDA:64,20,0,0
BRDA:64,20,1,0
BRDA:71,21,0,0
BRDA:71,21,1,0
BRDA:71,22,0,0
BRDA:71,22,1,0
BRDA:78,23,0,0
BRDA:78,23,1,0
BRDA:78,24,0,0
BRDA:78,24,1,0
BRDA:78,25,0,0
BRDA:78,25,1,0
BRDA:78,26,0,0
BRDA:78,26,1,0
BRDA:78,27,0,0
BRDA:78,27,1,0
BRDA:78,28,0,0
BRDA:78,28,1,0
BRDA:78,29,0,0
BRDA:78,29,1,0
BRDA:101,30,0,0
BRDA:101,31,0,0
BRDA:101,31,1,0
BRDA:101,32,0,0
BRDA:101,32,1,0
BRDA:104,33,0,0
BRDA:104,34,0,0
BRDA:104,34,1,0
BRDA:104,35,0,0
BRDA:104,35,1,0
BRDA:104,36,0,0
BRDA:104,36,1,0
BRDA:104,37,0,0
BRDA:104,37,1,0
BRDA:115,38,0,0
BRDA:124,39,0,0
BRDA:124,39,1,0
BRDA:124,40,0,0
BRDA:124,40,1,0
BRDA:124,41,0,0
BRDA:124,41,1,0
BRDA:124,42,0,0
BRDA:124,42,1,0
BRDA:126,43,0,0
BRDA:126,43,1,0
BRDA:138,44,0,0
BRDA:138,44,1,0
BRDA:141,45,0,0
BRDA:141,45,1,0
BRDA:141,46,0,0
BRDA:141,46,1,0
BRDA:141,47,0,0
BRDA:141,47,1,0
BRDA:145,48,0,0
BRDA:157,49,0,0
BRDA:161,50,0,0
BRDA:161,50,1,0
BRDA:161,51,0,0
BRDA:161,51,1,0
BRDA:161,52,0,0
BRDA:161,52,1,0
BRDA:161,53,0,0
BRDA:161,53,1,0
BRDA:164,54,0,0
BRF:99
BRH:0
end_of_record
TN:
SF:src/hooks/run-script-step.ts
FN:9,runScriptStep
FNF:1
FNH:0
FNDA:0,runScriptStep
DA:2,1
DA:3,1
DA:5,1
DA:6,1
DA:7,1
DA:9,1
DA:14,0
DA:15,0
DA:23,0
DA:24,0
DA:26,0
DA:32,0
DA:33,0
DA:34,0
DA:36,0
LF:15
LH:6
BRDA:33,0,0,0
BRDA:33,0,1,0
BRDA:33,1,0,0
BRDA:33,1,1,0
BRDA:33,2,0,0
BRDA:33,2,1,0
BRDA:33,3,0,0
BRDA:33,3,1,0
BRDA:33,4,0,0
BRDA:33,4,1,0
BRDA:33,5,0,0
BRDA:33,5,1,0
BRDA:33,6,0,0
BRDA:33,6,1,0
BRF:14
BRH:0
end_of_record
TN:
SF:src/k8s/index.ts
FN:66,createPod
FN:134,createJob
FN:190,getContainerJobPodName
FN:218,deletePod
FN:228,execPodStep
FN:237,(anonymous_35)
FN:248,(anonymous_36)
FN:265,(anonymous_37)
FN:269,waitForJobToComplete
FN:283,createDockerSecret
FN:322,createSecretForEnvs
FN:347,deleteSecret
FN:351,pruneSecrets
FN:366,(anonymous_53)
FN:393,getUnrecoverableWaitingReasons
FN:408,getUnrecoverableEventReasons
FN:423,getUnrecoverableTerminatedReasons
FN:439,getContainerErrors
FN:459,getPodEventErrors
FN:493,getPodConditionErrors
FN:507,getContainerTerminatedErrors
FN:527,describePodFailure
FN:597,describePodWarningEvents
FN:617,(anonymous_69)
FN:622,(anonymous_70)
FN:626,(anonymous_71)
FN:629,(anonymous_72)
FN:643,waitForPodPhases
FN:696,getPrepareJobTimeoutSeconds
FN:715,readPod
FN:728,parsePodPhase
FN:735,isJobSucceeded
FN:744,getPodLogs
FN:750,(anonymous_87)
FN:755,(anonymous_88)
FN:764,(anonymous_89)
FN:764,(anonymous_90)
FN:767,prunePods
FN:782,(anonymous_94)
FN:787,getPodStatus
FN:794,isAuthPermissionsOK
FN:813,(anonymous_101)
FN:816,isPodContainerAlpine
FN:838,getCurrentNodeName
FN:848,getPodAffinity
FN:868,getPreferredPodAffinity
FN:896,namespace
FN:901,(anonymous_115)
FN:910,(anonymous_116)
FN:913,BackOffManager
FN:919,(anonymous_118)
FN:920,(anonymous_121)
FN:936,containerPorts
FN:958,(anonymous_123)
FN:978,getPodByName
FNF:55
FNH:3
FNDA:0,createPod
FNDA:0,createJob
FNDA:0,getContainerJobPodName
FNDA:0,deletePod
FNDA:0,execPodStep
FNDA:0,(anonymous_35)
FNDA:0,(anonymous_36)
FNDA:0,(anonymous_37)
FNDA:0,waitForJobToComplete
FNDA:0,createDockerSecret
FNDA:0,createSecretForEnvs
FNDA:0,deleteSecret
FNDA:0,pruneSecrets
FNDA:0,(anonymous_53)
FNDA:0,getUnrecoverableWaitingReasons
FNDA:0,getUnrecoverableEventReasons
FNDA:0,getUnrecoverableTerminatedReasons
FNDA:0,getContainerErrors
FNDA:0,getPodEventErrors
FNDA:0,getPodConditionErrors
FNDA:0,getContainerTerminatedErrors
FNDA:0,describePodFailure
FNDA:0,describePodWarningEvents
FNDA:0,(anonymous_69)
FNDA:0,(anonymous_70)
FNDA:0,(anonymous_71)
FNDA:0,(anonymous_72)
FNDA:0,waitForPodPhases
FNDA:3,getPrepareJobTimeoutSeconds
FNDA:0,readPod
FNDA:0,parsePodPhase
FNDA:0,isJobSucceeded
FNDA:0,getPodLogs
FNDA:0,(anonymous_87)
FNDA:0,(anonymous_88)
FNDA:0,(anonymous_89)
FNDA:0,(anonymous_90)
FNDA:0,prunePods
FNDA:0,(anonymous_94)
FNDA:0,getPodStatus
FNDA:0,isAuthPermissionsOK
FNDA:0,(anonymous_101)
FNDA:0,isPodContainerAlpine
FNDA:0,getCurrentNodeName
FNDA:0,getPodAffinity
FNDA:0,getPreferredPodAffinity
FNDA:0,namespace
FNDA:0,(anonymous_115)
FNDA:1,(anonymous_116)
FNDA:0,BackOffManager
FNDA:0,(anonymous_118)
FNDA:0,(anonymous_121)
FNDA:3,containerPorts
FNDA:0,(anonymous_123)
FNDA:0,getPodByName
DA:1,1
DA:2,1
DA:4,1
DA:5,1
DA:13,1
DA:21,1
DA:23,1
DA:25,1
DA:26,1
DA:27,1
DA:29,1
DA:31,1
DA:33,1
DA:66,1
DA:72,0
DA:73,0
DA:74,0
DA:76,0
DA:77,0
DA:80,0
DA:82,0
DA:83,0
DA:85,0
DA:86,0
DA:88,0
DA:89,0
DA:92,0
DA:94,0
DA:95,0
DA:96,0
DA:98,0
DA:99,0
DA:100,0
DA:102,0
DA:104,0
DA:105,0
DA:112,0
DA:113,0
DA:114,0
DA:115,0
DA:117,0
DA:118,0
DA:119,0
DA:122,0
DA:123,0
DA:126,0
DA:127,0
DA:130,0
DA:131,0
DA:134,1
DA:138,0
DA:140,0
DA:141,0
DA:142,0
DA:143,0
DA:144,0
DA:145,0
DA:146,0
DA:148,0
DA:149,0
DA:150,0
DA:151,0
DA:153,0
DA:154,0
DA:155,0
DA:156,0
DA:157,0
DA:158,0
DA:160,0
DA:161,0
DA:162,0
DA:164,0
DA:167,0
DA:168,0
DA:175,0
DA:176,0
DA:178,0
DA:179,0
DA:181,0
DA:182,0
DA:186,0
DA:187,0
DA:190,1
DA:191,0
DA:192,0
DA:193,0
DA:194,0
DA:204,0
DA:205,0
DA:206,0
DA:209,0
DA:210,0
DA:214,0
DA:218,1
DA:219,0
DA:228,1
DA:234,0
DA:235,0
DA:237,0
DA:238,0
DA:250,0
DA:251,0
DA:253,0
DA:259,0
DA:265,0
DA:269,1
DA:270,0
DA:271,0
DA:273,0
DA:274,0
DA:277,0
DA:279,0
DA:283,1
DA:286,0
DA:298,0
DA:300,0
DA:301,0
DA:302,0
DA:303,0
DA:304,0
DA:305,0
DA:306,0
DA:307,0
DA:310,0
DA:311,0
DA:312,0
DA:318,0
DA:319,0
DA:322,1
DA:325,0
DA:327,0
DA:328,0
DA:329,0
DA:330,0
DA:331,0
DA:332,0
DA:334,0
DA:337,0
DA:338,0
DA:339,0
DA:340,0
DA:343,0
DA:344,0
DA:347,1
DA:348,0
DA:351,1
DA:352,0
DA:360,0
DA:361,0
DA:364,0
DA:366,0
DA:371,1
DA:379,1
DA:385,1
DA:391,1
DA:393,1
DA:394,0
DA:395,0
DA:396,0
DA:398,0
DA:399,0
DA:400,0
DA:401,0
DA:402,0
DA:405,0
DA:408,1
DA:409,0
DA:410,0
DA:411,0
DA:413,0
DA:414,0
DA:415,0
DA:416,0
DA:417,0
DA:420,0
DA:423,1
DA:425,0
DA:426,0
DA:427,0
DA:429,0
DA:430,0
DA:431,0
DA:432,0
DA:433,0
DA:436,0
DA:439,1
DA:440,0
DA:441,0
DA:442,0
DA:446,0
DA:447,0
DA:448,0
DA:449,0
DA:456,0
DA:459,1
DA:460,0
DA:463,0
DA:470,0
DA:472,0
DA:477,0
DA:480,0
DA:481,0
DA:482,0
DA:487,0
DA:490,0
DA:493,1
DA:494,0
DA:495,0
DA:496,0
DA:497,0
DA:504,0
DA:507,1
DA:508,0
DA:509,0
DA:510,0
DA:514,0
DA:515,0
DA:516,0
DA:517,0
DA:524,0
DA:527,1
DA:530,0
DA:532,0
DA:537,0
DA:538,0
DA:540,0
DA:541,0
DA:547,0
DA:548,0
DA:551,0
DA:552,0
DA:554,0
DA:555,0
DA:556,0
DA:564,0
DA:568,0
DA:569,0
DA:570,0
DA:571,0
DA:577,0
DA:578,0
DA:579,0
DA:589,0
DA:591,0
DA:592,0
DA:594,0
DA:600,0
DA:607,0
DA:609,0
DA:614,0
DA:617,0
DA:618,0
DA:619,0
DA:622,0
DA:623,0
DA:624,0
DA:626,0
DA:628,0
DA:629,0
DA:630,0
DA:631,0
DA:635,0
DA:636,0
DA:640,0
DA:643,1
DA:647,0
DA:649,0
DA:650,0
DA:651,0
DA:652,0
DA:653,0
DA:654,0
DA:655,0
DA:658,0
DA:659,0
DA:660,0
DA:665,0
DA:666,0
DA:667,0
DA:668,0
DA:675,0
DA:676,0
DA:677,0
DA:678,0
DA:686,0
DA:688,0
DA:689,0
DA:696,1
DA:698,3
DA:700,3
DA:701,3
DA:704,0
DA:705,0
DA:706,0
DA:709,0
DA:712,0
DA:716,0
DA:717,0
DA:720,1
DA:728,1
DA:729,0
DA:730,0
DA:732,0
DA:736,0
DA:737,0
DA:738,0
DA:739,0
DA:741,0
DA:744,1
DA:748,0
DA:749,0
DA:750,0
DA:752,0
DA:755,0
DA:756,0
DA:759,0
DA:764,0
DA:767,1
DA:768,0
DA:776,0
DA:777,0
DA:780,0
DA:782,0
DA:787,1
DA:790,0
DA:791,0
DA:794,1
DA:795,0
DA:796,0
DA:800,0
DA:801,0
DA:802,0
DA:803,0
DA:804,0
DA:805,0
DA:806,0
DA:807,0
DA:808,0
DA:809,0
DA:812,0
DA:813,0
DA:816,1
DA:820,0
DA:822,0
DA:832,0
DA:835,0
DA:839,0
DA:841,0
DA:842,0
DA:843,0
DA:845,0
DA:849,0
DA:850,0
DA:851,0
DA:853,0
DA:865,0
DA:871,0
DA:872,0
DA:875,0
DA:876,0
DA:879,0
DA:880,0
DA:889,0
DA:893,0
DA:896,1
DA:897,0
DA:898,0
DA:901,0
DA:902,0
DA:903,0
DA:907,0
DA:910,1
DA:911,0
DA:912,0
DA:913,0
DA:914,0
DA:915,0
DA:919,1
DA:920,0
DA:921,0
DA:923,0
DA:924,0
DA:925,0
DA:927,0
DA:928,0
DA:930,0
DA:931,0
DA:934,1
DA:936,1
DA:939,3
DA:940,3
DA:941,3
DA:943,0
DA:944,0
DA:945,0
DA:946,0
DA:949,0
DA:950,0
DA:953,0
DA:954,0
DA:955,0
DA:958,0
DA:959,0
DA:960,0
DA:961,0
DA:963,0
DA:966,0
DA:967,0
DA:969,0
DA:970,0
DA:973,0
DA:975,0
DA:978,1
DA:979,0
DA:980,0
LF:415
LH:56
BRDA:73,0,0,0
BRDA:76,1,0,0
BRDA:76,2,0,0
BRDA:76,2,1,0
BRDA:76,3,0,0
BRDA:76,3,1,0
BRDA:99,4,0,0
BRDA:112,5,0,0
BRDA:114,6,0,0
BRDA:114,7,0,0
BRDA:114,7,1,0
BRDA:114,8,0,0
BRDA:114,8,1,0
BRDA:114,9,0,0
BRDA:114,9,1,0
BRDA:114,10,0,0
BRDA:114,10,1,0
BRDA:122,11,0,0
BRDA:122,12,0,0
BRDA:122,12,1,0
BRDA:122,13,0,0
BRDA:122,13,1,0
BRDA:126,14,0,0
BRDA:126,15,0,0
BRDA:126,15,1,0
BRDA:126,16,0,0
BRDA:126,16,1,0
BRDA:161,17,0,0
BRDA:175,18,0,0
BRDA:176,19,0,0
BRDA:181,20,0,0
BRDA:193,21,0,0
BRDA:204,22,0,0
BRDA:204,23,0,0
BRDA:204,23,1,0
BRDA:204,24,0,0
BRDA:204,24,1,0
BRDA:209,25,0,0
BRDA:209,26,0,0
BRDA:209,26,1,0
BRDA:209,27,0,0
BRDA:209,27,1,0
BRDA:219,28,0,0
BRDA:246,29,0,0
BRDA:246,29,1,0
BRDA:246,30,0,0
BRDA:246,30,1,0
BRDA:250,31,0,0
BRDA:250,31,1,0
BRDA:255,32,0,0
BRDA:255,32,1,0
BRDA:255,33,0,0
BRDA:255,33,1,0
BRDA:256,34,0,0
BRDA:256,34,1,0
BRDA:256,35,0,0
BRDA:256,35,1,0
BRDA:259,36,0,0
BRDA:259,36,1,0
BRDA:259,37,0,0
BRDA:259,37,1,0
BRDA:279,38,0,0
BRDA:271,39,0,0
BRDA:273,40,0,0
BRDA:288,41,0,0
BRDA:288,41,1,0
BRDA:348,42,0,0
BRDA:352,43,0,0
BRDA:360,44,0,0
BRDA:366,45,0,0
BRDA:366,45,1,0
BRDA:366,46,0,0
BRDA:366,46,1,0
BRDA:366,47,0,0
BRDA:366,47,1,0
BRDA:395,48,0,0
BRDA:401,49,0,0
BRDA:410,50,0,0
BRDA:416,51,0,0
BRDA:426,52,0,0
BRDA:432,53,0,0
BRDA:443,54,0,0
BRDA:443,54,1,0
BRDA:443,55,0,0
BRDA:443,55,1,0
BRDA:443,56,0,0
BRDA:443,56,1,0
BRDA:443,57,0,0
BRDA:443,57,1,0
BRDA:444,58,0,0
BRDA:444,58,1,0
BRDA:444,59,0,0
BRDA:444,59,1,0
BRDA:444,60,0,0
BRDA:444,60,1,0
BRDA:444,61,0,0
BRDA:444,61,1,0
BRDA:447,62,0,0
BRDA:447,62,1,0
BRDA:447,63,0,0
BRDA:447,63,1,0
BRDA:448,64,0,0
BRDA:448,65,0,0
BRDA:448,65,1,0
BRDA:448,66,0,0
BRDA:448,66,1,0
BRDA:448,67,0,0
BRDA:448,67,1,0
BRDA:451,68,0,0
BRDA:451,68,1,0
BRDA:474,69,0,0
BRDA:474,69,1,0
BRDA:482,70,0,0
BRDA:483,71,0,0
BRDA:483,71,1,0
BRDA:483,71,2,0
BRDA:487,72,0,0
BRDA:487,72,1,0
BRDA:487,73,0,0
BRDA:487,73,1,0
BRDA:495,74,0,0
BRDA:495,74,1,0
BRDA:495,75,0,0
BRDA:495,75,1,0
BRDA:495,76,0,0
BRDA:495,76,1,0
BRDA:495,77,0,0
BRDA:495,77,1,0
BRDA:496,78,0,0
BRDA:496,79,0,0
BRDA:496,79,1,0
BRDA:496,79,2,0
BRDA:498,80,0,0
BRDA:498,80,1,0
BRDA:498,81,0,0
BRDA:498,81,1,0
BRDA:499,82,0,0
BRDA:499,82,1,0
BRDA:499,83,0,0
BRDA:499,83,1,0
BRDA:511,84,0,0
BRDA:511,84,1,0
BRDA:511,85,0,0
BRDA:511,85,1,0
BRDA:511,86,0,0
BRDA:511,86,1,0
BRDA:511,87,0,0
BRDA:511,87,1,0
BRDA:512,88,0,0
BRDA:512,88,1,0
BRDA:512,89,0,0
BRDA:512,89,1,0
BRDA:512,90,0,0
BRDA:512,90,1,0
BRDA:512,91,0,0
BRDA:512,91,1,0
BRDA:515,92,0,0
BRDA:515,92,1,0
BRDA:515,93,0,0
BRDA:515,93,1,0
BRDA:516,94,0,0
BRDA:516,95,0,0
BRDA:516,95,1,0
BRDA:516,96,0,0
BRDA:516,96,1,0
BRDA:516,97,0,0
BRDA:516,97,1,0
BRDA:519,98,0,0
BRDA:519,98,1,0
BRDA:519,99,0,0
BRDA:519,99,1,0
BRDA:533,100,0,0
BRDA:533,100,1,0
BRDA:540,101,0,0
BRDA:540,102,0,0
BRDA:540,102,1,0
BRDA:540,103,0,0
BRDA:540,103,1,0
BRDA:543,104,0,0
BRDA:543,104,1,0
BRDA:547,105,0,0
BRDA:547,106,0,0
BRDA:547,106,1,0
BRDA:547,107,0,0
BRDA:547,107,1,0
BRDA:554,108,0,0
BRDA:554,108,1,0
BRDA:554,109,0,0
BRDA:554,109,1,0
BRDA:554,110,0,0
BRDA:554,110,1,0
BRDA:554,111,0,0
BRDA:554,111,1,0
BRDA:555,112,0,0
BRDA:558,113,0,0
BRDA:558,113,1,0
BRDA:559,114,0,0
BRDA:559,114,1,0
BRDA:565,115,0,0
BRDA:565,115,1,0
BRDA:565,116,0,0
BRDA:565,116,1,0
BRDA:565,117,0,0
BRDA:565,117,1,0
BRDA:565,118,0,0
BRDA:565,118,1,0
BRDA:566,119,0,0
BRDA:566,119,1,0
BRDA:566,120,0,0
BRDA:566,120,1,0
BRDA:566,121,0,0
BRDA:566,121,1,0
BRDA:566,122,0,0
BRDA:566,122,1,0
BRDA:569,123,0,0
BRDA:569,123,1,0
BRDA:569,124,0,0
BRDA:569,124,1,0
BRDA:570,125,0,0
BRDA:570,126,0,0
BRDA:570,126,1,0
BRDA:570,127,0,0
BRDA:570,127,1,0
BRDA:573,128,0,0
BRDA:573,128,1,0
BRDA:577,129,0,0
BRDA:577,129,1,0
BRDA:577,130,0,0
BRDA:577,130,1,0
BRDA:578,131,0,0
BRDA:581,132,0,0
BRDA:581,132,1,0
BRDA:581,133,0,0
BRDA:581,133,1,0
BRDA:583,134,0,0
BRDA:583,134,1,0
BRDA:591,135,0,0
BRDA:611,136,0,0
BRDA:611,136,1,0
BRDA:618,137,0,0
BRDA:623,138,0,0
BRDA:623,138,1,0
BRDA:623,139,0,0
BRDA:623,139,1,0
BRDA:623,140,0,0
BRDA:623,140,1,0
BRDA:623,141,0,0
BRDA:623,141,1,0
BRDA:624,142,0,0
BRDA:624,142,1,0
BRDA:630,143,0,0
BRDA:630,143,1,0
BRDA:630,144,0,0
BRDA:630,144,1,0
BRDA:631,145,0,0
BRDA:631,145,1,0
BRDA:631,146,0,0
BRDA:631,146,1,0
BRDA:632,147,0,0
BRDA:632,147,1,0
BRDA:632,148,0,0
BRDA:632,148,1,0
BRDA:635,149,0,0
BRDA:647,150,0,0
BRDA:651,151,0,0
BRDA:654,152,0,0
BRDA:658,153,0,0
BRDA:666,154,0,0
BRDA:676,155,0,0
BRDA:700,156,0,3
BRDA:705,157,0,0
BRDA:705,158,0,0
BRDA:705,158,1,0
BRDA:716,159,0,0
BRDA:729,160,0,0
BRDA:729,161,0,0
BRDA:729,161,1,0
BRDA:729,162,0,0
BRDA:729,162,1,0
BRDA:729,163,0,0
BRDA:729,163,1,0
BRDA:736,164,0,0
BRDA:738,165,0,0
BRDA:738,166,0,0
BRDA:738,166,1,0
BRDA:738,167,0,0
BRDA:738,167,1,0
BRDA:741,168,0,0
BRDA:741,168,1,0
BRDA:741,169,0,0
BRDA:741,169,1,0
BRDA:768,170,0,0
BRDA:776,171,0,0
BRDA:782,172,0,0
BRDA:782,172,1,0
BRDA:782,173,0,0
BRDA:782,173,1,0
BRDA:782,174,0,0
BRDA:782,174,1,0
BRDA:790,175,0,0
BRDA:813,176,0,0
BRDA:813,176,1,0
BRDA:813,177,0,0
BRDA:813,177,1,0
BRDA:835,178,0,0
BRDA:839,179,0,0
BRDA:841,180,0,0
BRDA:841,180,1,0
BRDA:841,181,0,0
BRDA:841,181,1,0
BRDA:842,182,0,0
BRDA:897,183,0,0
BRDA:902,184,0,0
BRDA:902,185,0,0
BRDA:902,185,1,0
BRDA:902,186,0,0
BRDA:902,186,1,0
BRDA:914,187,0,0
BRDA:914,188,0,0
BRDA:914,188,1,0
BRDA:920,189,0,0
BRDA:924,190,0,0
BRDA:924,191,0,0
BRDA:924,191,1,0
BRDA:927,192,0,0
BRDA:930,193,0,0
BRDA:940,194,0,3
BRDA:940,195,0,3
BRDA:940,195,1,0
BRDA:940,196,0,3
BRDA:940,196,1,3
BRDA:945,197,0,0
BRDA:951,198,0,0
BRDA:951,198,1,0
BRDA:954,199,0,0
BRDA:960,200,0,0
BRDA:960,201,0,0
BRDA:960,201,1,0
BRDA:960,201,2,0
BRDA:966,202,0,0
BRDA:966,202,1,0
BRDA:979,203,0,0
BRF:342
BRH:5
end_of_record
TN:
SF:src/k8s/utils.ts
FN:18,containerVolumes
FN:112,writeEntryPointScript
FN:168,generateContainerName
FN:187,mergeContainerWithOptions
FN:215,mergePodSpecWithOptions
FN:223,(anonymous_11)
FN:235,mergeObjectMeta
FN:265,readExtensionFromFile
FN:277,useKubeScheduler
FN:281,(anonymous_15)
FN:290,mergeLists
FN:299,fixArgs
FNF:12
FNH:4
FNDA:3,containerVolumes
FNDA:0,writeEntryPointScript
FNDA:0,generateContainerName
FNDA:0,mergeContainerWithOptions
FNDA:0,mergePodSpecWithOptions
FNDA:0,(anonymous_11)
FNDA:0,mergeObjectMeta
FNDA:3,readExtensionFromFile
FNDA:0,useKubeScheduler
FNDA:1,(anonymous_15)
FNDA:0,mergeLists
FNDA:3,fixArgs
DA:2,1
DA:3,1
DA:4,1
DA:6,1
DA:7,1
DA:8,1
DA:9,1
DA:10,1
DA:12,1
DA:13,1
DA:15,1
DA:16,1
DA:18,1
DA:19,6
DA:20,3
DA:21,6
DA:23,3
DA:30,3
DA:31,3
DA:32,0
DA:33,0
DA:34,0
DA:56,0
DA:59,3
DA:60,0
DA:63,3
DA:81,3
DA:82,3
DA:85,0
DA:86,0
DA:87,0
DA:88,0
DA:89,0
DA:94,0
DA:98,0
DA:101,0
DA:109,0
DA:112,1
DA:119,0
DA:120,0
DA:123,0
DA:124,0
DA:126,0
DA:128,0
DA:129,0
DA:130,0
DA:131,0
DA:137,0
DA:141,0
DA:149,0
DA:152,0
DA:159,0
DA:160,0
DA:161,0
DA:162,0
DA:168,1
DA:169,0
DA:170,0
DA:172,0
DA:173,0
DA:176,0
DA:187,1
DA:191,0
DA:192,0
DA:193,0
DA:194,0
DA:196,0
DA:197,0
DA:198,0
DA:199,0
DA:200,0
DA:201,0
DA:202,0
DA:203,0
DA:204,0
DA:205,0
DA:206,0
DA:207,0
DA:208,0
DA:210,0
DA:215,1
DA:219,0
DA:220,0
DA:221,0
DA:223,0
DA:226,0
DA:227,0
DA:228,0
DA:230,0
DA:235,1
DA:239,0
DA:240,0
DA:244,0
DA:245,0
DA:246,0
DA:247,0
DA:249,0
DA:253,0
DA:254,0
DA:255,0
DA:256,0
DA:260,0
DA:265,1
DA:266,3
DA:267,3
DA:268,3
DA:270,0
DA:271,0
DA:272,0
DA:274,0
DA:277,1
DA:278,0
DA:281,1
DA:282,1
DA:283,1
DA:284,1
DA:285,1
DA:286,1
DA:287,1
DA:291,0
DA:292,0
DA:293,0
DA:295,0
DA:296,0
DA:299,1
DA:300,3
LF:126
LH:42
BRDA:19,0,0,3
BRDA:20,1,0,0
BRDA:21,2,0,3
BRDA:31,3,0,0
BRDA:59,4,0,0
BRDA:81,5,0,3
BRDA:81,6,0,0
BRDA:81,6,1,3
BRDA:81,7,0,3
BRDA:81,7,1,3
BRDA:87,8,0,0
BRDA:87,8,1,0
BRDA:88,9,0,0
BRDA:120,10,0,0
BRDA:120,11,0,0
BRDA:120,11,1,0
BRDA:120,12,0,0
BRDA:120,12,1,0
BRDA:123,13,0,0
BRDA:123,13,1,0
BRDA:128,14,0,0
BRDA:128,15,0,0
BRDA:128,15,1,0
BRDA:131,16,0,0
BRDA:132,17,0,0
BRDA:132,17,1,0
BRDA:132,17,2,0
BRDA:132,17,3,0
BRDA:156,18,0,0
BRDA:156,18,1,0
BRDA:156,19,0,0
BRDA:156,19,1,0
BRDA:156,20,0,0
BRDA:156,20,1,0
BRDA:170,21,0,0
BRDA:170,21,1,0
BRDA:170,22,0,0
BRDA:170,22,1,0
BRDA:172,23,0,0
BRDA:192,24,0,0
BRDA:192,24,1,0
BRDA:193,25,0,0
BRDA:197,26,0,0
BRDA:197,26,1,0
BRDA:200,27,0,0
BRDA:200,27,1,0
BRDA:203,28,0,0
BRDA:203,28,1,0
BRDA:203,29,0,0
BRDA:203,29,1,0
BRDA:206,30,0,0
BRDA:206,30,1,0
BRDA:206,31,0,0
BRDA:206,31,1,0
BRDA:220,32,0,0
BRDA:220,32,1,0
BRDA:223,33,0,0
BRDA:223,33,1,0
BRDA:223,34,0,0
BRDA:223,34,1,0
BRDA:226,35,0,0
BRDA:226,35,1,0
BRDA:226,36,0,0
BRDA:226,36,1,0
BRDA:239,37,0,0
BRDA:239,38,0,0
BRDA:239,38,1,0
BRDA:239,39,0,0
BRDA:239,39,1,0
BRDA:239,40,0,0
BRDA:239,40,1,0
BRDA:239,41,0,0
BRDA:239,41,1,0
BRDA:239,42,0,0
BRDA:239,42,1,0
BRDA:244,43,0,0
BRDA:244,44,0,0
BRDA:244,44,1,0
BRDA:244,45,0,0
BRDA:244,45,1,0
BRDA:246,46,0,0
BRDA:246,47,0,0
BRDA:246,47,1,0
BRDA:246,48,0,0
BRDA:246,48,1,0
BRDA:246,49,0,0
BRDA:246,49,1,0
BRDA:246,50,0,0
BRDA:246,50,1,0
BRDA:253,51,0,0
BRDA:253,52,0,0
BRDA:253,52,1,0
BRDA:253,53,0,0
BRDA:253,53,1,0
BRDA:255,54,0,0
BRDA:255,55,0,0
BRDA:255,55,1,0
BRDA:255,56,0,0
BRDA:255,56,1,0
BRDA:255,57,0,0
BRDA:255,57,1,0
BRDA:255,58,0,0
BRDA:255,58,1,0
BRDA:267,59,0,3
BRDA:271,60,0,0
BRDA:271,61,0,0
BRDA:271,61,1,0
BRDA:281,62,0,1
BRDA:281,62,1,1
BRDA:291,63,0,0
BRDA:291,63,1,0
BRDA:292,64,0,0
BRDA:292,65,0,0
BRDA:292,65,1,0
BRDA:292,66,0,0
BRDA:292,66,1,0
BRF:116
BRH:9
end_of_record
TN:
SF:tests/test-setup.ts
FN:14,(anonymous_19)
FN:17,TestHelper
FN:22,(anonymous_21)
FN:47,(anonymous_24)
FN:53,(anonymous_27)
FN:62,(anonymous_30)
FN:63,(anonymous_31)
FN:64,(anonymous_32)
FN:67,(anonymous_33)
FN:76,(anonymous_34)
FN:78,(anonymous_35)
FN:84,(anonymous_36)
FN:89,(anonymous_37)
FN:108,(anonymous_40)
FN:154,(anonymous_43)
FN:164,(anonymous_44)
FN:171,(anonymous_45)
FN:183,(anonymous_46)
FNF:18
FNH:1
FNDA:1,(anonymous_19)
FNDA:0,TestHelper
FNDA:0,(anonymous_21)
FNDA:0,(anonymous_24)
FNDA:0,(anonymous_27)
FNDA:0,(anonymous_30)
FNDA:0,(anonymous_31)
FNDA:0,(anonymous_32)
FNDA:0,(anonymous_33)
FNDA:0,(anonymous_34)
FNDA:0,(anonymous_35)
FNDA:0,(anonymous_36)
FNDA:0,(anonymous_37)
FNDA:0,(anonymous_40)
FNDA:0,(anonymous_43)
FNDA:0,(anonymous_44)
FNDA:0,(anonymous_45)
FNDA:0,(anonymous_46)
DA:1,1
DA:2,1
DA:4,1
DA:5,1
DA:7,1
DA:9,1
DA:11,1
DA:12,1
DA:14,1
DA:18,0
DA:19,0
DA:22,1
DA:23,0
DA:24,0
DA:25,0
DA:26,0
DA:27,0
DA:29,0
DA:30,0
DA:31,0
DA:33,0
DA:38,0
DA:40,0
DA:41,0
DA:43,0
DA:47,1
DA:49,0
DA:50,0
DA:53,1
DA:54,0
DA:63,0
DA:64,0
DA:65,0
DA:68,0
DA:78,1
DA:79,0
DA:80,0
DA:81,0
DA:84,1
DA:85,0
DA:86,0
DA:89,1
DA:90,0
DA:96,0
DA:105,0
DA:108,1
DA:109,0
DA:116,0
DA:118,0
DA:134,0
DA:135,0
DA:151,0
DA:154,1
DA:155,0
DA:162,0
DA:163,0
DA:164,0
DA:165,0
DA:168,0
DA:171,1
DA:172,0
DA:179,0
DA:180,0
DA:183,1
DA:184,0
DA:191,0
DA:192,0
DA:193,0
DA:194,0
DA:196,1
LF:70
LH:20
BRDA:54,0,0,0
BRDA:79,1,0,0
BRDA:79,1,1,0
BRF:3
BRH:0
end_of_record
